#
# There is insufficient memory for the Java Runtime Environment to continue.
# Native memory allocation (mmap) failed to map 532676608 bytes. Error detail: G1 virtual space
# Possible reasons:
#   The system is out of physical RAM or swap space
#   This process is running with CompressedOops enabled, and the Java Heap may be blocking the growth of the native heap
# Possible solutions:
#   Reduce memory load on the system
#   Increase physical memory or swap space
#   Check if swap backing store is full
#   Decrease Java heap size (-Xmx/-Xms)
#   Decrease number of Java threads
#   Decrease Java thread stack sizes (-Xss)
#   Set larger code cache with -XX:ReservedCodeCacheSize=
#   JVM is running with Zero Based Compressed Oops mode in which the Java heap is
#     placed in the first 32GB address space. The Java Heap base address is the
#     maximum limit for the native heap growth. Please use -XX:HeapBaseMinAddress
#     to set the Java Heap base and to place the Java Heap above 32GB virtual address.
# This output file may be truncated or incomplete.
#
#  Out of Memory Error (os_windows.cpp:3825), pid=31228, tid=29216
#
# JRE version:  (17.0.11) (build )
# Java VM: OpenJDK 64-Bit Server VM (17.0.11+0--11852314, mixed mode, sharing, tiered, compressed oops, compressed class ptrs, g1 gc, windows-amd64)
# No core dump will be written. Minidumps are not enabled by default on client versions of Windows
#

---------------  S U M M A R Y ------------

Command Line: git4idea.http.GitAskPassApp Username for 'https://github.com': 

Host: 13th Gen Intel(R) Core(TM) i7-13700, 24 cores, 31G,  Windows 11 , 64 bit Build 22621 (10.0.22621.3672)
Time: Sat Aug  3 11:45:55 2024 India Standard Time elapsed time: 0.006859 seconds (0d 0h 0m 0s)

---------------  T H R E A D  ---------------

Current thread (0x0000018ae98bbea0):  JavaThread "Unknown thread" [_thread_in_vm, id=29216, stack(0x00000067d4d00000,0x00000067d4e00000)]

Stack: [0x00000067d4d00000,0x00000067d4e00000]
Native frames: (J=compiled Java code, j=interpreted, Vv=VM code, C=native code)
V  [jvm.dll+0x687bb9]
V  [jvm.dll+0x84142a]
V  [jvm.dll+0x8430ae]
V  [jvm.dll+0x843713]
V  [jvm.dll+0x24a35f]
V  [jvm.dll+0x684989]
V  [jvm.dll+0x67923a]
V  [jvm.dll+0x30af0b]
V  [jvm.dll+0x3123b6]
V  [jvm.dll+0x361dfe]
V  [jvm.dll+0x36202f]
V  [jvm.dll+0x2e0d38]
V  [jvm.dll+0x2e1ca4]
V  [jvm.dll+0x811f21]
V  [jvm.dll+0x36fb68]
V  [jvm.dll+0x7f0896]
V  [jvm.dll+0x3f3d2f]
V  [jvm.dll+0x3f58e1]
C  [jli.dll+0x528f]
C  [ucrtbase.dll+0x29333]
C  [KERNEL32.DLL+0x1257d]
C  [ntdll.dll+0x5af28]


---------------  P R O C E S S  ---------------

Threads class SMR info:
_java_thread_list=0x00007ffe04d9efd8, length=0, elements={
}

Java Threads: ( => current thread )

Other Threads:
  0x0000018a91d64910 GCTaskThread "GC Thread#0" [stack: 0x00000067d4e00000,0x00000067d4f00000] [id=27600]
  0x0000018aebb6dd30 ConcurrentGCThread "G1 Main Marker" [stack: 0x00000067d4f00000,0x00000067d5000000] [id=29428]
  0x0000018aebb6e770 ConcurrentGCThread "G1 Conc#0" [stack: 0x00000067d5000000,0x00000067d5100000] [id=9044]

[error occurred during error reporting (printing all threads), id 0xc0000005, EXCEPTION_ACCESS_VIOLATION (0xc0000005) at pc=0x00007ffe04551907]

VM state: not at safepoint (not fully initialized)

VM Mutex/Monitor currently owned by a thread:  ([mutex/lock_event])
[0x0000018aebabcfb0] Heap_lock - owner thread: 0x0000018ae98bbea0

Heap address: 0x0000000604c00000, size: 8116 MB, Compressed Oops mode: Zero based, Oop shift amount: 3

CDS archive(s) mapped at: [0x0000000000000000-0x0000000000000000-0x0000000000000000), size 0, SharedBaseAddress: 0x0000000800000000, ArchiveRelocationMode: 1.
Narrow klass base: 0x0000000000000000, Narrow klass shift: 0, Narrow klass range: 0x0

GC Precious Log:
<Empty>

Heap:
 garbage-first heap   total 0K, used 0K [0x0000000604c00000, 0x0000000800000000)
  region size 4096K, 0 young (0K), 0 survivors (0K)
 Metaspace       used 0K, committed 0K, reserved 0K
  class space    used 0K, committed 0K, reserved 0K

Heap Regions: E=young(eden), S=young(survivor), O=old, HS=humongous(starts), HC=humongous(continues), CS=collection set, F=free, OA=open archive, CA=closed archive, TAMS=top-at-mark-start (previous, next)

Card table byte_map: [0x0000018a80000000,0x0000018a80fe0000] _byte_map_base: 0x0000018a7cfda000

Marking Bits (Prev, Next): (CMBitMap*) 0x0000018aebb6ce20, (CMBitMap*) 0x0000018aebb6ce60
 Prev Bits: [0x0000018a81fc0000, 0x0000018a89e90000)
 Next Bits: [0x0000018a89e90000, 0x0000018a91d60000)

GC Heap History (0 events):
No events

Dll operation events (1 events):
Event: 0.004 Loaded shared library C:\Program Files\Android\Android Studio\jbr\bin\java.dll

Deoptimization events (0 events):
No events

Classes unloaded (0 events):
No events

Classes redefined (0 events):
No events

Internal exceptions (0 events):
No events

VM Operations (0 events):
No events

Events (0 events):
No events


Dynamic libraries:
0x00007ff7056b0000 - 0x00007ff7056ba000 	C:\Program Files\Android\Android Studio\jbr\bin\java.exe
0x00007ffe8d570000 - 0x00007ffe8d787000 	C:\Windows\SYSTEM32\ntdll.dll
0x00007ffe8c460000 - 0x00007ffe8c524000 	C:\Windows\System32\KERNEL32.DLL
0x00007ffe8a8a0000 - 0x00007ffe8ac4d000 	C:\Windows\System32\KERNELBASE.dll
0x00007ffe8ad20000 - 0x00007ffe8ae31000 	C:\Windows\System32\ucrtbase.dll
0x00007ffe51fe0000 - 0x00007ffe51ffb000 	C:\Program Files\Android\Android Studio\jbr\bin\VCRUNTIME140.dll
0x00007ffe82a00000 - 0x00007ffe82a17000 	C:\Program Files\Android\Android Studio\jbr\bin\jli.dll
0x00007ffe8ba70000 - 0x00007ffe8bc1e000 	C:\Windows\System32\USER32.dll
0x00007ffe8acf0000 - 0x00007ffe8ad16000 	C:\Windows\System32\win32u.dll
0x00007ffe8bfb0000 - 0x00007ffe8bfd9000 	C:\Windows\System32\GDI32.dll
0x00007ffe72f20000 - 0x00007ffe731b3000 	C:\Windows\WinSxS\amd64_microsoft.windows.common-controls_6595b64144ccf1df_6.0.22621.3672_none_2713b9d173822955\COMCTL32.dll
0x00007ffe8aec0000 - 0x00007ffe8afd9000 	C:\Windows\System32\gdi32full.dll
0x00007ffe8bf00000 - 0x00007ffe8bfa7000 	C:\Windows\System32\msvcrt.dll
0x00007ffe8ac50000 - 0x00007ffe8acea000 	C:\Windows\System32\msvcp_win.dll
0x00007ffe8b870000 - 0x00007ffe8b8a1000 	C:\Windows\System32\IMM32.DLL
0x00007ffe84780000 - 0x00007ffe8478c000 	C:\Program Files\Android\Android Studio\jbr\bin\vcruntime140_1.dll
0x00007ffe22fd0000 - 0x00007ffe2305d000 	C:\Program Files\Android\Android Studio\jbr\bin\msvcp140.dll
0x00007ffe04260000 - 0x00007ffe04ee3000 	C:\Program Files\Android\Android Studio\jbr\bin\server\jvm.dll
0x00007ffe8b780000 - 0x00007ffe8b832000 	C:\Windows\System32\ADVAPI32.dll
0x00007ffe8bc20000 - 0x00007ffe8bcc9000 	C:\Windows\System32\sechost.dll
0x00007ffe8b280000 - 0x00007ffe8b2a8000 	C:\Windows\System32\bcrypt.dll
0x00007ffe8c7f0000 - 0x00007ffe8c904000 	C:\Windows\System32\RPCRT4.dll
0x00007ffe89600000 - 0x00007ffe8964d000 	C:\Windows\SYSTEM32\POWRPROF.dll
0x00007ffe79060000 - 0x00007ffe79069000 	C:\Windows\SYSTEM32\WSOCK32.dll
0x00007ffe81c40000 - 0x00007ffe81c4a000 	C:\Windows\SYSTEM32\VERSION.dll
0x00007ffe8c2c0000 - 0x00007ffe8c331000 	C:\Windows\System32\WS2_32.dll
0x00007ffe7e2e0000 - 0x00007ffe7e314000 	C:\Windows\SYSTEM32\WINMM.dll
0x00007ffe895e0000 - 0x00007ffe895f3000 	C:\Windows\SYSTEM32\UMPDC.dll
0x00007ffe89890000 - 0x00007ffe898a8000 	C:\Windows\SYSTEM32\kernel.appcore.dll
0x00007ffe872c0000 - 0x00007ffe872ca000 	C:\Program Files\Android\Android Studio\jbr\bin\jimage.dll
0x00007ffe87fc0000 - 0x00007ffe881f2000 	C:\Windows\SYSTEM32\DBGHELP.DLL
0x00007ffe8d1a0000 - 0x00007ffe8d528000 	C:\Windows\System32\combase.dll
0x00007ffe8c0a0000 - 0x00007ffe8c177000 	C:\Windows\System32\OLEAUT32.dll
0x00007ffe83b60000 - 0x00007ffe83b92000 	C:\Windows\SYSTEM32\dbgcore.DLL
0x00007ffe8ae40000 - 0x00007ffe8aebb000 	C:\Windows\System32\bcryptPrimitives.dll
0x00007ffe86630000 - 0x00007ffe86655000 	C:\Program Files\Android\Android Studio\jbr\bin\java.dll

dbghelp: loaded successfully - version: 4.0.5 - missing functions: none
symbol engine: initialized successfully - sym options: 0x614 - pdb path: .;C:\Program Files\Android\Android Studio\jbr\bin;C:\Windows\SYSTEM32;C:\Windows\WinSxS\amd64_microsoft.windows.common-controls_6595b64144ccf1df_6.0.22621.3672_none_2713b9d173822955;C:\Program Files\Android\Android Studio\jbr\bin\server

VM Arguments:
java_command: git4idea.http.GitAskPassApp Username for 'https://github.com': 
java_class_path (initial): C:/Program Files/Android/Android Studio/plugins/vcs-git/lib/git4idea-rt.jar;C:/Program Files/Android/Android Studio/lib/externalProcess-rt.jar
Launcher Type: SUN_STANDARD

[Global flags]
     intx CICompilerCount                          = 12                                        {product} {ergonomic}
     uint ConcGCThreads                            = 5                                         {product} {ergonomic}
     uint G1ConcRefinementThreads                  = 18                                        {product} {ergonomic}
   size_t G1HeapRegionSize                         = 4194304                                   {product} {ergonomic}
    uintx GCDrainStackTargetSize                   = 64                                        {product} {ergonomic}
   size_t InitialHeapSize                          = 532676608                                 {product} {ergonomic}
   size_t MarkStackSize                            = 4194304                                   {product} {ergonomic}
   size_t MaxHeapSize                              = 8510242816                                {product} {ergonomic}
   size_t MinHeapDeltaBytes                        = 4194304                                   {product} {ergonomic}
   size_t MinHeapSize                              = 8388608                                   {product} {ergonomic}
    uintx NonNMethodCodeHeapSize                   = 7602480                                {pd product} {ergonomic}
    uintx NonProfiledCodeHeapSize                  = 122027880                              {pd product} {ergonomic}
    uintx ProfiledCodeHeapSize                     = 122027880                              {pd product} {ergonomic}
    uintx ReservedCodeCacheSize                    = 251658240                              {pd product} {ergonomic}
     bool SegmentedCodeCache                       = true                                      {product} {ergonomic}
   size_t SoftMaxHeapSize                          = 8510242816                             {manageable} {ergonomic}
     bool UseCompressedClassPointers               = true                           {product lp64_product} {ergonomic}
     bool UseCompressedOops                        = true                           {product lp64_product} {ergonomic}
     bool UseG1GC                                  = true                                      {product} {ergonomic}
     bool UseLargePagesIndividualAllocation        = false                                  {pd product} {ergonomic}

Logging:
Log output configuration:
 #0: stdout all=warning uptime,level,tags
 #1: stderr all=off uptime,level,tags

Environment Variables:
PATH=C:\Program Files\Git\mingw64\libexec\git-core;C:\Program Files\Git\mingw64\libexec\git-core;C:\Program Files\Git\mingw64\bin;C:\Program Files\Git\usr\bin;C:\Users\SatyaSwarupSrichanda\bin;C:\Windows\system32;C:\Windows;C:\Windows\System32\Wbem;C:\Windows\System32\WindowsPowerShell\v1.0;C:\Windows\System32\OpenSSH;C:\Program Files\dotnet;C:\Users\SatyaSwarupSrichanda\AppData\Local\Programs\Python\Python312\Scripts;C:\Users\SatyaSwarupSrichanda\AppData\Local\Programs\Python\Python312;C:\Users\SatyaSwarupSrichanda\AppData\Local\Microsoft\WindowsApps
USERNAME=SatyaSwarupSrichanda
DISPLAY=:0.0
LC_ALL=en_US.UTF-8
TERM=xterm-256color
TMPDIR=C:\Users\SATYAS~1\AppData\Local\Temp
OS=Windows_NT
PROCESSOR_IDENTIFIER=Intel64 Family 6 Model 183 Stepping 1, GenuineIntel
TMP=C:\Users\SATYAS~1\AppData\Local\Temp
TEMP=C:\Users\SATYAS~1\AppData\Local\Temp



Periodic native trim disabled

JNI global refs:
JNI global refs: 0, weak refs: 0

JNI global refs memory usage: 0, weak refs: 0

Process memory usage:
Resident Set Size: 12120K (0% of 33235692K total physical memory with 9373852K free physical memory)

OOME stack traces (most recent first):
Classloader memory used:


---------------  S Y S T E M  ---------------

OS:
 Windows 11 , 64 bit Build 22621 (10.0.22621.3672)
OS uptime: 5 days 0:41 hours
Hyper-V role detected

CPU: total 24 (initial active 24) (12 cores per cpu, 2 threads per core) family 6 model 183 stepping 1 microcode 0x11d, cx8, cmov, fxsr, ht, mmx, 3dnowpref, sse, sse2, sse3, ssse3, sse4.1, sse4.2, popcnt, lzcnt, tsc, tscinvbit, avx, avx2, aes, erms, clmul, bmi1, bmi2, adx, sha, fma, vzeroupper, clflush, clflushopt, clwb, hv
Processor Information for processor 0
  Max Mhz: 2100, Current Mhz: 2100, Mhz Limit: 2100
Processor Information for processor 1
  Max Mhz: 2100, Current Mhz: 2100, Mhz Limit: 2100
Processor Information for processor 2
  Max Mhz: 2100, Current Mhz: 2100, Mhz Limit: 2100
Processor Information for processor 3
  Max Mhz: 2100, Current Mhz: 2100, Mhz Limit: 2100
Processor Information for processor 4
  Max Mhz: 2100, Current Mhz: 2100, Mhz Limit: 2100
Processor Information for processor 5
  Max Mhz: 2100, Current Mhz: 2100, Mhz Limit: 2100
Processor Information for processor 6
  Max Mhz: 2100, Current Mhz: 2100, Mhz Limit: 2100
Processor Information for processor 7
  Max Mhz: 2100, Current Mhz: 2100, Mhz Limit: 2100
Processor Information for processor 8
  Max Mhz: 2100, Current Mhz: 2100, Mhz Limit: 2100
Processor Information for processor 9
  Max Mhz: 2100, Current Mhz: 2100, Mhz Limit: 2100
Processor Information for processor 10
  Max Mhz: 2100, Current Mhz: 2100, Mhz Limit: 2100
Processor Information for processor 11
  Max Mhz: 2100, Current Mhz: 2100, Mhz Limit: 2100
Processor Information for processor 12
  Max Mhz: 2100, Current Mhz: 2100, Mhz Limit: 2100
Processor Information for processor 13
  Max Mhz: 2100, Current Mhz: 2100, Mhz Limit: 2100
Processor Information for processor 14
  Max Mhz: 2100, Current Mhz: 2100, Mhz Limit: 2100
Processor Information for processor 15
  Max Mhz: 2100, Current Mhz: 2100, Mhz Limit: 2100
Processor Information for processor 16
  Max Mhz: 2100, Current Mhz: 1500, Mhz Limit: 1491
Processor Information for processor 17
  Max Mhz: 2100, Current Mhz: 1500, Mhz Limit: 1491
Processor Information for processor 18
  Max Mhz: 2100, Current Mhz: 1500, Mhz Limit: 1491
Processor Information for processor 19
  Max Mhz: 2100, Current Mhz: 1500, Mhz Limit: 1491
Processor Information for processor 20
  Max Mhz: 2100, Current Mhz: 1500, Mhz Limit: 1491
Processor Information for processor 21
  Max Mhz: 2100, Current Mhz: 1500, Mhz Limit: 1491
Processor Information for processor 22
  Max Mhz: 2100, Current Mhz: 1500, Mhz Limit: 1491
Processor Information for processor 23
  Max Mhz: 2100, Current Mhz: 1500, Mhz Limit: 1491

Memory: 4k page, system-wide physical 32456M (9154M free)
TotalPageFile size 80269M (AvailPageFile size 119M)
current process WorkingSet (physical memory assigned to process): 11M, peak: 11M
current process commit charge ("private bytes"): 81M, peak: 589M

vm_info: OpenJDK 64-Bit Server VM (17.0.11+0--11852314) for windows-amd64 JRE (17.0.11+0--11852314), built on May 16 2024 21:29:20 by "androidbuild" with MS VC++ 16.10 / 16.11 (VS2019)

END.
