#
# There is insufficient memory for the Java Runtime Environment to continue.
# Native memory allocation (mmap) failed to map 65536 bytes. Error detail: Failed to commit metaspace.
# Possible reasons:
#   The system is out of physical RAM or swap space
#   This process is running with CompressedOops enabled, and the Java Heap may be blocking the growth of the native heap
# Possible solutions:
#   Reduce memory load on the system
#   Increase physical memory or swap space
#   Check if swap backing store is full
#   Decrease Java heap size (-Xmx/-Xms)
#   Decrease number of Java threads
#   Decrease Java thread stack sizes (-Xss)
#   Set larger code cache with -XX:ReservedCodeCacheSize=
#   JVM is running with Zero Based Compressed Oops mode in which the Java heap is
#     placed in the first 32GB address space. The Java Heap base address is the
#     maximum limit for the native heap growth. Please use -XX:HeapBaseMinAddress
#     to set the Java Heap base and to place the Java Heap above 32GB virtual address.
# This output file may be truncated or incomplete.
#
#  Out of Memory Error (virtualSpaceNode.cpp:110), pid=21212, tid=27152
#
# JRE version: OpenJDK Runtime Environment (17.0.11) (build 17.0.11+0--11852314)
# Java VM: OpenJDK 64-Bit Server VM (17.0.11+0--11852314, mixed mode, tiered, compressed oops, compressed class ptrs, g1 gc, windows-amd64)
# No core dump will be written. Minidumps are not enabled by default on client versions of Windows
#

---------------  S U M M A R Y ------------

Command Line: git4idea.http.GitAskPassApp Username for 'https://github.com': 

Host: 13th Gen Intel(R) Core(TM) i7-13700, 24 cores, 31G,  Windows 11 , 64 bit Build 22621 (10.0.22621.3958)
Time: Tue Sep  3 13:09:41 2024 India Standard Time elapsed time: 0.254421 seconds (0d 0h 0m 0s)

---------------  T H R E A D  ---------------

Current thread (0x0000012736615f40):  JavaThread "HttpClient-1-Worker-0" daemon [_thread_in_vm, id=27152, stack(0x0000001326b00000,0x0000001326c00000)]

Stack: [0x0000001326b00000,0x0000001326c00000]
Native frames: (J=compiled Java code, j=interpreted, Vv=VM code, C=native code)
V  [jvm.dll+0x687bb9]
V  [jvm.dll+0x84142a]
V  [jvm.dll+0x8430ae]
V  [jvm.dll+0x843713]
V  [jvm.dll+0x24a35f]
V  [jvm.dll+0x83c2bb]
V  [jvm.dll+0x62c046]
V  [jvm.dll+0x62c0aa]
V  [jvm.dll+0x62e8da]
V  [jvm.dll+0x62c9e6]
V  [jvm.dll+0x371f42]
V  [jvm.dll+0x1e4b4b]
V  [jvm.dll+0x54c5e5]
V  [jvm.dll+0x1f3e0b]
V  [jvm.dll+0x7b99bb]
V  [jvm.dll+0x7bae29]
V  [jvm.dll+0x7bb6a3]
V  [jvm.dll+0x1eb676]
V  [jvm.dll+0x1edd1e]
V  [jvm.dll+0x1e328c]
V  [jvm.dll+0x54c5bc]
V  [jvm.dll+0x1f3e0b]
V  [jvm.dll+0x7b99bb]
V  [jvm.dll+0x7bae29]
V  [jvm.dll+0x7bb178]
V  [jvm.dll+0x241d8e]
V  [jvm.dll+0x386836]
C  0x0000012712c0bb00

The last pc belongs to anewarray (printed below).
Java frames: (J=compiled Java code, j=interpreted, Vv=VM code)
j  sun.security.ssl.CertificateMessage$T13CertificateConsumer.checkServerCerts(Lsun/security/ssl/ClientHandshakeContext;Ljava/util/List;)[Ljava/security/cert/X509Certificate;+6 java.base@17.0.11
j  sun.security.ssl.CertificateMessage$T13CertificateConsumer.onConsumeCertificate(Lsun/security/ssl/ClientHandshakeContext;Lsun/security/ssl/CertificateMessage$T13CertificateMessage;)V+94 java.base@17.0.11
j  sun.security.ssl.CertificateMessage$T13CertificateConsumer.consume(Lsun/security/ssl/ConnectionContext;Ljava/nio/ByteBuffer;)V+78 java.base@17.0.11
j  sun.security.ssl.SSLHandshake.consume(Lsun/security/ssl/ConnectionContext;Ljava/nio/ByteBuffer;)V+13 java.base@17.0.11
j  sun.security.ssl.HandshakeContext.dispatch(BLjava/nio/ByteBuffer;)V+73 java.base@17.0.11
j  sun.security.ssl.SSLEngineImpl$DelegatedTask$DelegatedAction.run()Ljava/lang/Void;+60 java.base@17.0.11
j  sun.security.ssl.SSLEngineImpl$DelegatedTask$DelegatedAction.run()Ljava/lang/Object;+1 java.base@17.0.11
j  java.security.AccessController.executePrivileged(Ljava/security/PrivilegedExceptionAction;Ljava/security/AccessControlContext;Ljava/lang/Class;)Ljava/lang/Object;+29 java.base@17.0.11
j  java.security.AccessController.doPrivileged(Ljava/security/PrivilegedExceptionAction;Ljava/security/AccessControlContext;)Ljava/lang/Object;+13 java.base@17.0.11
j  sun.security.ssl.SSLEngineImpl$DelegatedTask.run()V+66 java.base@17.0.11
j  jdk.internal.net.http.common.SSLFlowDelegate$$Lambda$147+0x00000008001c13d0.accept(Ljava/lang/Object;)V+4 java.net.http@17.0.11
j  java.util.ArrayList.forEach(Ljava/util/function/Consumer;)V+46 java.base@17.0.11
j  jdk.internal.net.http.common.SSLFlowDelegate.lambda$executeTasks$3(Ljava/util/List;)V+43 java.net.http@17.0.11
j  jdk.internal.net.http.common.SSLFlowDelegate$$Lambda$146+0x00000008001c1188.run()V+8 java.net.http@17.0.11
j  jdk.internal.net.http.HttpClientImpl$DelegatingExecutor.execute(Ljava/lang/Runnable;)V+26 java.net.http@17.0.11
j  jdk.internal.net.http.common.SSLFlowDelegate.executeTasks(Ljava/util/List;)V+11 java.net.http@17.0.11
j  jdk.internal.net.http.common.SSLFlowDelegate.doHandshake(Ljdk/internal/net/http/common/SSLFlowDelegate$EngineResult;I)Z+154 java.net.http@17.0.11
j  jdk.internal.net.http.common.SSLFlowDelegate$Reader.processData()V+572 java.net.http@17.0.11
j  jdk.internal.net.http.common.SSLFlowDelegate$Reader$ReaderDownstreamPusher.run()V+4 java.net.http@17.0.11
j  jdk.internal.net.http.common.SequentialScheduler$LockingRestartableTask.run()V+34 java.net.http@17.0.11
j  jdk.internal.net.http.common.SequentialScheduler$CompleteRestartableTask.run(Ljdk/internal/net/http/common/SequentialScheduler$DeferredCompleter;)V+1 java.net.http@17.0.11
j  jdk.internal.net.http.common.SequentialScheduler$TryEndDeferredCompleter.complete()V+162 java.net.http@17.0.11
j  jdk.internal.net.http.common.SequentialScheduler$CompleteRestartableTask.run(Ljdk/internal/net/http/common/SequentialScheduler$DeferredCompleter;)V+5 java.net.http@17.0.11
j  jdk.internal.net.http.common.SequentialScheduler$SchedulableTask.run()V+14 java.net.http@17.0.11
j  java.util.concurrent.ThreadPoolExecutor.runWorker(Ljava/util/concurrent/ThreadPoolExecutor$Worker;)V+92 java.base@17.0.11
j  java.util.concurrent.ThreadPoolExecutor$Worker.run()V+5 java.base@17.0.11
j  java.lang.Thread.run()V+11 java.base@17.0.11
v  ~StubRoutines::call_stub
anewarray  189 anewarray  [0x0000012712c0ba80, 0x0000012712c0bb80]  256 bytes
[MachCode]
  0x0000012712c0ba80: 8b04 2448 | 83c4 0845 | 0fb7 4501 | 410f c841 | c1e8 1048 | 8b55 e848 | 8b52 0848 | 8b52 08e8 
  0x0000012712c0baa0: 0500 0000 | e9ad 0000 | 004c 8bc8 | 488d 4424 | 084c 896d | c049 8bcf | c5f8 7749 | 89af a802 
  0x0000012712c0bac0: 0000 4989 | 8798 0200 | 0048 83ec | 20f7 c40f | 0000 000f | 841a 0000 | 0048 83ec | 0849 bae0 
  0x0000012712c0bae0: 6786 40ff | 7f00 0041 | ffd2 4883 | c408 e90d | 0000 0049 | bae0 6786 | 40ff 7f00 | 0041 ffd2 
  0x0000012712c0bb00: 4883 c420 | 49c7 8798 | 0200 0000 | 0000 0049 | c787 a802 | 0000 0000 | 0000 49c7 | 87a0 0200 
  0x0000012712c0bb20: 0000 0000 | 00c5 f877 | 4981 7f08 | 0000 0000 | 0f84 0500 | 0000 e9c5 | 53fe ff49 | 8b87 f002 
  0x0000012712c0bb40: 0000 49c7 | 87f0 0200 | 0000 0000 | 004c 8b6d | c04c 8b75 | c8c3 410f | b65d 0349 | 83c5 0349 
  0x0000012712c0bb60: ba40 a709 | 41ff 7f00 | 0041 ff24 | da66 6690 | 0000 0000 | 0000 0000 | 0000 0000 | 0000 0000 
[/MachCode]

---------------  P R O C E S S  ---------------

Threads class SMR info:
_java_thread_list=0x0000012736616de0, length=19, elements={
0x00000127082ce970, 0x00000127319b9b10, 0x00000127319abe00, 0x0000012731a18a20,
0x0000012731a196a0, 0x0000012731a1b1d0, 0x0000012731a1bb90, 0x0000012731a1c930,
0x0000012731a1d3e0, 0x0000012731a1dde0, 0x0000012731b95cf0, 0x0000012731b96210,
0x0000012731b98740, 0x0000012731bb2b50, 0x0000012731bbcb60, 0x00000127361e9970,
0x0000012736572f20, 0x0000012736615f40, 0x0000012736628e30
}

Java Threads: ( => current thread )
  0x00000127082ce970 JavaThread "main" [_thread_blocked, id=17204, stack(0x0000001325200000,0x0000001325300000)]
  0x00000127319b9b10 JavaThread "Reference Handler" daemon [_thread_blocked, id=12116, stack(0x0000001325900000,0x0000001325a00000)]
  0x00000127319abe00 JavaThread "Finalizer" daemon [_thread_blocked, id=6548, stack(0x0000001325a00000,0x0000001325b00000)]
  0x0000012731a18a20 JavaThread "Signal Dispatcher" daemon [_thread_blocked, id=22628, stack(0x0000001325b00000,0x0000001325c00000)]
  0x0000012731a196a0 JavaThread "Attach Listener" daemon [_thread_blocked, id=1596, stack(0x0000001325c00000,0x0000001325d00000)]
  0x0000012731a1b1d0 JavaThread "Service Thread" daemon [_thread_blocked, id=21140, stack(0x0000001325d00000,0x0000001325e00000)]
  0x0000012731a1bb90 JavaThread "Monitor Deflation Thread" daemon [_thread_blocked, id=18216, stack(0x0000001325e00000,0x0000001325f00000)]
  0x0000012731a1c930 JavaThread "C2 CompilerThread0" daemon [_thread_blocked, id=18424, stack(0x0000001325f00000,0x0000001326000000)]
  0x0000012731a1d3e0 JavaThread "C1 CompilerThread0" daemon [_thread_blocked, id=11144, stack(0x0000001326000000,0x0000001326100000)]
  0x0000012731a1dde0 JavaThread "Sweeper thread" daemon [_thread_blocked, id=24104, stack(0x0000001326100000,0x0000001326200000)]
  0x0000012731b95cf0 JavaThread "C1 CompilerThread1" daemon [_thread_blocked, id=11272, stack(0x0000001326200000,0x0000001326300000)]
  0x0000012731b96210 JavaThread "C1 CompilerThread2" daemon [_thread_blocked, id=1996, stack(0x0000001326300000,0x0000001326400000)]
  0x0000012731b98740 JavaThread "C1 CompilerThread3" daemon [_thread_blocked, id=6236, stack(0x0000001326400000,0x0000001326500000)]
  0x0000012731bb2b50 JavaThread "Notification Thread" daemon [_thread_blocked, id=3872, stack(0x0000001326500000,0x0000001326600000)]
  0x0000012731bbcb60 JavaThread "Common-Cleaner" daemon [_thread_blocked, id=25340, stack(0x0000001326700000,0x0000001326800000)]
  0x00000127361e9970 JavaThread "C2 CompilerThread1" daemon [_thread_blocked, id=25336, stack(0x0000001326800000,0x0000001326900000)]
  0x0000012736572f20 JavaThread "HttpClient-1-SelectorManager" daemon [_thread_in_native, id=26672, stack(0x0000001326900000,0x0000001326a00000)]
=>0x0000012736615f40 JavaThread "HttpClient-1-Worker-0" daemon [_thread_in_vm, id=27152, stack(0x0000001326b00000,0x0000001326c00000)]
  0x0000012736628e30 JavaThread "HttpClient-1-Worker-1" daemon [_thread_blocked, id=888, stack(0x0000001326c00000,0x0000001326d00000)]

Other Threads:
  0x00000127319d6d20 VMThread "VM Thread" [stack: 0x0000001325800000,0x0000001325900000] [id=27608]
  0x0000012731bb5850 WatcherThread [stack: 0x0000001326600000,0x0000001326700000] [id=24804]
  0x000001270837ab60 GCTaskThread "GC Thread#0" [stack: 0x0000001325300000,0x0000001325400000] [id=28068]
  0x000001272e3d0120 ConcurrentGCThread "G1 Main Marker" [stack: 0x0000001325400000,0x0000001325500000] [id=26896]
  0x000001272e3d0b40 ConcurrentGCThread "G1 Conc#0" [stack: 0x0000001325500000,0x0000001325600000] [id=14168]
  0x000001272e4fa920 ConcurrentGCThread "G1 Refine#0" [stack: 0x0000001325600000,0x0000001325700000] [id=22388]
  0x000001272e4fc360 ConcurrentGCThread "G1 Service" [stack: 0x0000001325700000,0x0000001325800000] [id=17176]

Threads with active compile tasks:

VM state: not at safepoint (normal execution)

VM Mutex/Monitor currently owned by a thread:  ([mutex/lock_event])
[0x00000127082cc780] Metaspace_lock - owner thread: 0x0000012736615f40

Heap address: 0x0000000604c00000, size: 8116 MB, Compressed Oops mode: Zero based, Oop shift amount: 3

CDS archive(s) not mapped
Compressed class space mapped at: 0x0000000800000000-0x0000000840000000, reserved size: 1073741824
Narrow klass base: 0x0000000800000000, Narrow klass shift: 0, Narrow klass range: 0x40000000

GC Precious Log:
 CPUs: 24 total, 24 available
 Memory: 32456M
 Large Page Support: Disabled
 NUMA Support: Disabled
 Compressed Oops: Enabled (Zero based)
 Heap Region Size: 4M
 Heap Min Capacity: 8M
 Heap Initial Capacity: 508M
 Heap Max Capacity: 8116M
 Pre-touch: Disabled
 Parallel Workers: 18
 Concurrent Workers: 5
 Concurrent Refinement Workers: 18
 Periodic GC: Disabled

Heap:
 garbage-first heap   total 520192K, used 12288K [0x0000000604c00000, 0x0000000800000000)
  region size 4096K, 4 young (16384K), 0 survivors (0K)
 Metaspace       used 15766K, committed 15936K, reserved 1114112K
  class space    used 1647K, committed 1728K, reserved 1048576K

Heap Regions: E=young(eden), S=young(survivor), O=old, HS=humongous(starts), HC=humongous(continues), CS=collection set, F=free, OA=open archive, CA=closed archive, TAMS=top-at-mark-start (previous, next)
|   0|0x0000000604c00000, 0x0000000604c00000, 0x0000000605000000|  0%| F|  |TAMS 0x0000000604c00000, 0x0000000604c00000| Untracked 
|   1|0x0000000605000000, 0x0000000605000000, 0x0000000605400000|  0%| F|  |TAMS 0x0000000605000000, 0x0000000605000000| Untracked 
|   2|0x0000000605400000, 0x0000000605400000, 0x0000000605800000|  0%| F|  |TAMS 0x0000000605400000, 0x0000000605400000| Untracked 
|   3|0x0000000605800000, 0x0000000605800000, 0x0000000605c00000|  0%| F|  |TAMS 0x0000000605800000, 0x0000000605800000| Untracked 
|   4|0x0000000605c00000, 0x0000000605c00000, 0x0000000606000000|  0%| F|  |TAMS 0x0000000605c00000, 0x0000000605c00000| Untracked 
|   5|0x0000000606000000, 0x0000000606000000, 0x0000000606400000|  0%| F|  |TAMS 0x0000000606000000, 0x0000000606000000| Untracked 
|   6|0x0000000606400000, 0x0000000606400000, 0x0000000606800000|  0%| F|  |TAMS 0x0000000606400000, 0x0000000606400000| Untracked 
|   7|0x0000000606800000, 0x0000000606800000, 0x0000000606c00000|  0%| F|  |TAMS 0x0000000606800000, 0x0000000606800000| Untracked 
|   8|0x0000000606c00000, 0x0000000606c00000, 0x0000000607000000|  0%| F|  |TAMS 0x0000000606c00000, 0x0000000606c00000| Untracked 
|   9|0x0000000607000000, 0x0000000607000000, 0x0000000607400000|  0%| F|  |TAMS 0x0000000607000000, 0x0000000607000000| Untracked 
|  10|0x0000000607400000, 0x0000000607400000, 0x0000000607800000|  0%| F|  |TAMS 0x0000000607400000, 0x0000000607400000| Untracked 
|  11|0x0000000607800000, 0x0000000607800000, 0x0000000607c00000|  0%| F|  |TAMS 0x0000000607800000, 0x0000000607800000| Untracked 
|  12|0x0000000607c00000, 0x0000000607c00000, 0x0000000608000000|  0%| F|  |TAMS 0x0000000607c00000, 0x0000000607c00000| Untracked 
|  13|0x0000000608000000, 0x0000000608000000, 0x0000000608400000|  0%| F|  |TAMS 0x0000000608000000, 0x0000000608000000| Untracked 
|  14|0x0000000608400000, 0x0000000608400000, 0x0000000608800000|  0%| F|  |TAMS 0x0000000608400000, 0x0000000608400000| Untracked 
|  15|0x0000000608800000, 0x0000000608800000, 0x0000000608c00000|  0%| F|  |TAMS 0x0000000608800000, 0x0000000608800000| Untracked 
|  16|0x0000000608c00000, 0x0000000608c00000, 0x0000000609000000|  0%| F|  |TAMS 0x0000000608c00000, 0x0000000608c00000| Untracked 
|  17|0x0000000609000000, 0x0000000609000000, 0x0000000609400000|  0%| F|  |TAMS 0x0000000609000000, 0x0000000609000000| Untracked 
|  18|0x0000000609400000, 0x0000000609400000, 0x0000000609800000|  0%| F|  |TAMS 0x0000000609400000, 0x0000000609400000| Untracked 
|  19|0x0000000609800000, 0x0000000609800000, 0x0000000609c00000|  0%| F|  |TAMS 0x0000000609800000, 0x0000000609800000| Untracked 
|  20|0x0000000609c00000, 0x0000000609c00000, 0x000000060a000000|  0%| F|  |TAMS 0x0000000609c00000, 0x0000000609c00000| Untracked 
|  21|0x000000060a000000, 0x000000060a000000, 0x000000060a400000|  0%| F|  |TAMS 0x000000060a000000, 0x000000060a000000| Untracked 
|  22|0x000000060a400000, 0x000000060a400000, 0x000000060a800000|  0%| F|  |TAMS 0x000000060a400000, 0x000000060a400000| Untracked 
|  23|0x000000060a800000, 0x000000060a800000, 0x000000060ac00000|  0%| F|  |TAMS 0x000000060a800000, 0x000000060a800000| Untracked 
|  24|0x000000060ac00000, 0x000000060ac00000, 0x000000060b000000|  0%| F|  |TAMS 0x000000060ac00000, 0x000000060ac00000| Untracked 
|  25|0x000000060b000000, 0x000000060b000000, 0x000000060b400000|  0%| F|  |TAMS 0x000000060b000000, 0x000000060b000000| Untracked 
|  26|0x000000060b400000, 0x000000060b400000, 0x000000060b800000|  0%| F|  |TAMS 0x000000060b400000, 0x000000060b400000| Untracked 
|  27|0x000000060b800000, 0x000000060b800000, 0x000000060bc00000|  0%| F|  |TAMS 0x000000060b800000, 0x000000060b800000| Untracked 
|  28|0x000000060bc00000, 0x000000060bc00000, 0x000000060c000000|  0%| F|  |TAMS 0x000000060bc00000, 0x000000060bc00000| Untracked 
|  29|0x000000060c000000, 0x000000060c000000, 0x000000060c400000|  0%| F|  |TAMS 0x000000060c000000, 0x000000060c000000| Untracked 
|  30|0x000000060c400000, 0x000000060c400000, 0x000000060c800000|  0%| F|  |TAMS 0x000000060c400000, 0x000000060c400000| Untracked 
|  31|0x000000060c800000, 0x000000060c800000, 0x000000060cc00000|  0%| F|  |TAMS 0x000000060c800000, 0x000000060c800000| Untracked 
|  32|0x000000060cc00000, 0x000000060cc00000, 0x000000060d000000|  0%| F|  |TAMS 0x000000060cc00000, 0x000000060cc00000| Untracked 
|  33|0x000000060d000000, 0x000000060d000000, 0x000000060d400000|  0%| F|  |TAMS 0x000000060d000000, 0x000000060d000000| Untracked 
|  34|0x000000060d400000, 0x000000060d400000, 0x000000060d800000|  0%| F|  |TAMS 0x000000060d400000, 0x000000060d400000| Untracked 
|  35|0x000000060d800000, 0x000000060d800000, 0x000000060dc00000|  0%| F|  |TAMS 0x000000060d800000, 0x000000060d800000| Untracked 
|  36|0x000000060dc00000, 0x000000060dc00000, 0x000000060e000000|  0%| F|  |TAMS 0x000000060dc00000, 0x000000060dc00000| Untracked 
|  37|0x000000060e000000, 0x000000060e000000, 0x000000060e400000|  0%| F|  |TAMS 0x000000060e000000, 0x000000060e000000| Untracked 
|  38|0x000000060e400000, 0x000000060e400000, 0x000000060e800000|  0%| F|  |TAMS 0x000000060e400000, 0x000000060e400000| Untracked 
|  39|0x000000060e800000, 0x000000060e800000, 0x000000060ec00000|  0%| F|  |TAMS 0x000000060e800000, 0x000000060e800000| Untracked 
|  40|0x000000060ec00000, 0x000000060ec00000, 0x000000060f000000|  0%| F|  |TAMS 0x000000060ec00000, 0x000000060ec00000| Untracked 
|  41|0x000000060f000000, 0x000000060f000000, 0x000000060f400000|  0%| F|  |TAMS 0x000000060f000000, 0x000000060f000000| Untracked 
|  42|0x000000060f400000, 0x000000060f400000, 0x000000060f800000|  0%| F|  |TAMS 0x000000060f400000, 0x000000060f400000| Untracked 
|  43|0x000000060f800000, 0x000000060f800000, 0x000000060fc00000|  0%| F|  |TAMS 0x000000060f800000, 0x000000060f800000| Untracked 
|  44|0x000000060fc00000, 0x000000060fc00000, 0x0000000610000000|  0%| F|  |TAMS 0x000000060fc00000, 0x000000060fc00000| Untracked 
|  45|0x0000000610000000, 0x0000000610000000, 0x0000000610400000|  0%| F|  |TAMS 0x0000000610000000, 0x0000000610000000| Untracked 
|  46|0x0000000610400000, 0x0000000610400000, 0x0000000610800000|  0%| F|  |TAMS 0x0000000610400000, 0x0000000610400000| Untracked 
|  47|0x0000000610800000, 0x0000000610800000, 0x0000000610c00000|  0%| F|  |TAMS 0x0000000610800000, 0x0000000610800000| Untracked 
|  48|0x0000000610c00000, 0x0000000610c00000, 0x0000000611000000|  0%| F|  |TAMS 0x0000000610c00000, 0x0000000610c00000| Untracked 
|  49|0x0000000611000000, 0x0000000611000000, 0x0000000611400000|  0%| F|  |TAMS 0x0000000611000000, 0x0000000611000000| Untracked 
|  50|0x0000000611400000, 0x0000000611400000, 0x0000000611800000|  0%| F|  |TAMS 0x0000000611400000, 0x0000000611400000| Untracked 
|  51|0x0000000611800000, 0x0000000611800000, 0x0000000611c00000|  0%| F|  |TAMS 0x0000000611800000, 0x0000000611800000| Untracked 
|  52|0x0000000611c00000, 0x0000000611c00000, 0x0000000612000000|  0%| F|  |TAMS 0x0000000611c00000, 0x0000000611c00000| Untracked 
|  53|0x0000000612000000, 0x0000000612000000, 0x0000000612400000|  0%| F|  |TAMS 0x0000000612000000, 0x0000000612000000| Untracked 
|  54|0x0000000612400000, 0x0000000612400000, 0x0000000612800000|  0%| F|  |TAMS 0x0000000612400000, 0x0000000612400000| Untracked 
|  55|0x0000000612800000, 0x0000000612800000, 0x0000000612c00000|  0%| F|  |TAMS 0x0000000612800000, 0x0000000612800000| Untracked 
|  56|0x0000000612c00000, 0x0000000612c00000, 0x0000000613000000|  0%| F|  |TAMS 0x0000000612c00000, 0x0000000612c00000| Untracked 
|  57|0x0000000613000000, 0x0000000613000000, 0x0000000613400000|  0%| F|  |TAMS 0x0000000613000000, 0x0000000613000000| Untracked 
|  58|0x0000000613400000, 0x0000000613400000, 0x0000000613800000|  0%| F|  |TAMS 0x0000000613400000, 0x0000000613400000| Untracked 
|  59|0x0000000613800000, 0x0000000613800000, 0x0000000613c00000|  0%| F|  |TAMS 0x0000000613800000, 0x0000000613800000| Untracked 
|  60|0x0000000613c00000, 0x0000000613c00000, 0x0000000614000000|  0%| F|  |TAMS 0x0000000613c00000, 0x0000000613c00000| Untracked 
|  61|0x0000000614000000, 0x0000000614000000, 0x0000000614400000|  0%| F|  |TAMS 0x0000000614000000, 0x0000000614000000| Untracked 
|  62|0x0000000614400000, 0x0000000614400000, 0x0000000614800000|  0%| F|  |TAMS 0x0000000614400000, 0x0000000614400000| Untracked 
|  63|0x0000000614800000, 0x0000000614800000, 0x0000000614c00000|  0%| F|  |TAMS 0x0000000614800000, 0x0000000614800000| Untracked 
|  64|0x0000000614c00000, 0x0000000614c00000, 0x0000000615000000|  0%| F|  |TAMS 0x0000000614c00000, 0x0000000614c00000| Untracked 
|  65|0x0000000615000000, 0x0000000615000000, 0x0000000615400000|  0%| F|  |TAMS 0x0000000615000000, 0x0000000615000000| Untracked 
|  66|0x0000000615400000, 0x0000000615400000, 0x0000000615800000|  0%| F|  |TAMS 0x0000000615400000, 0x0000000615400000| Untracked 
|  67|0x0000000615800000, 0x0000000615800000, 0x0000000615c00000|  0%| F|  |TAMS 0x0000000615800000, 0x0000000615800000| Untracked 
|  68|0x0000000615c00000, 0x0000000615c00000, 0x0000000616000000|  0%| F|  |TAMS 0x0000000615c00000, 0x0000000615c00000| Untracked 
|  69|0x0000000616000000, 0x0000000616000000, 0x0000000616400000|  0%| F|  |TAMS 0x0000000616000000, 0x0000000616000000| Untracked 
|  70|0x0000000616400000, 0x0000000616400000, 0x0000000616800000|  0%| F|  |TAMS 0x0000000616400000, 0x0000000616400000| Untracked 
|  71|0x0000000616800000, 0x0000000616800000, 0x0000000616c00000|  0%| F|  |TAMS 0x0000000616800000, 0x0000000616800000| Untracked 
|  72|0x0000000616c00000, 0x0000000616c00000, 0x0000000617000000|  0%| F|  |TAMS 0x0000000616c00000, 0x0000000616c00000| Untracked 
|  73|0x0000000617000000, 0x0000000617000000, 0x0000000617400000|  0%| F|  |TAMS 0x0000000617000000, 0x0000000617000000| Untracked 
|  74|0x0000000617400000, 0x0000000617400000, 0x0000000617800000|  0%| F|  |TAMS 0x0000000617400000, 0x0000000617400000| Untracked 
|  75|0x0000000617800000, 0x0000000617800000, 0x0000000617c00000|  0%| F|  |TAMS 0x0000000617800000, 0x0000000617800000| Untracked 
|  76|0x0000000617c00000, 0x0000000617c00000, 0x0000000618000000|  0%| F|  |TAMS 0x0000000617c00000, 0x0000000617c00000| Untracked 
|  77|0x0000000618000000, 0x0000000618000000, 0x0000000618400000|  0%| F|  |TAMS 0x0000000618000000, 0x0000000618000000| Untracked 
|  78|0x0000000618400000, 0x0000000618400000, 0x0000000618800000|  0%| F|  |TAMS 0x0000000618400000, 0x0000000618400000| Untracked 
|  79|0x0000000618800000, 0x0000000618800000, 0x0000000618c00000|  0%| F|  |TAMS 0x0000000618800000, 0x0000000618800000| Untracked 
|  80|0x0000000618c00000, 0x0000000618c00000, 0x0000000619000000|  0%| F|  |TAMS 0x0000000618c00000, 0x0000000618c00000| Untracked 
|  81|0x0000000619000000, 0x0000000619000000, 0x0000000619400000|  0%| F|  |TAMS 0x0000000619000000, 0x0000000619000000| Untracked 
|  82|0x0000000619400000, 0x0000000619400000, 0x0000000619800000|  0%| F|  |TAMS 0x0000000619400000, 0x0000000619400000| Untracked 
|  83|0x0000000619800000, 0x0000000619800000, 0x0000000619c00000|  0%| F|  |TAMS 0x0000000619800000, 0x0000000619800000| Untracked 
|  84|0x0000000619c00000, 0x0000000619c00000, 0x000000061a000000|  0%| F|  |TAMS 0x0000000619c00000, 0x0000000619c00000| Untracked 
|  85|0x000000061a000000, 0x000000061a000000, 0x000000061a400000|  0%| F|  |TAMS 0x000000061a000000, 0x000000061a000000| Untracked 
|  86|0x000000061a400000, 0x000000061a400000, 0x000000061a800000|  0%| F|  |TAMS 0x000000061a400000, 0x000000061a400000| Untracked 
|  87|0x000000061a800000, 0x000000061a800000, 0x000000061ac00000|  0%| F|  |TAMS 0x000000061a800000, 0x000000061a800000| Untracked 
|  88|0x000000061ac00000, 0x000000061ac00000, 0x000000061b000000|  0%| F|  |TAMS 0x000000061ac00000, 0x000000061ac00000| Untracked 
|  89|0x000000061b000000, 0x000000061b000000, 0x000000061b400000|  0%| F|  |TAMS 0x000000061b000000, 0x000000061b000000| Untracked 
|  90|0x000000061b400000, 0x000000061b400000, 0x000000061b800000|  0%| F|  |TAMS 0x000000061b400000, 0x000000061b400000| Untracked 
|  91|0x000000061b800000, 0x000000061b800000, 0x000000061bc00000|  0%| F|  |TAMS 0x000000061b800000, 0x000000061b800000| Untracked 
|  92|0x000000061bc00000, 0x000000061bc00000, 0x000000061c000000|  0%| F|  |TAMS 0x000000061bc00000, 0x000000061bc00000| Untracked 
|  93|0x000000061c000000, 0x000000061c000000, 0x000000061c400000|  0%| F|  |TAMS 0x000000061c000000, 0x000000061c000000| Untracked 
|  94|0x000000061c400000, 0x000000061c400000, 0x000000061c800000|  0%| F|  |TAMS 0x000000061c400000, 0x000000061c400000| Untracked 
|  95|0x000000061c800000, 0x000000061c800000, 0x000000061cc00000|  0%| F|  |TAMS 0x000000061c800000, 0x000000061c800000| Untracked 
|  96|0x000000061cc00000, 0x000000061cc00000, 0x000000061d000000|  0%| F|  |TAMS 0x000000061cc00000, 0x000000061cc00000| Untracked 
|  97|0x000000061d000000, 0x000000061d000000, 0x000000061d400000|  0%| F|  |TAMS 0x000000061d000000, 0x000000061d000000| Untracked 
|  98|0x000000061d400000, 0x000000061d400000, 0x000000061d800000|  0%| F|  |TAMS 0x000000061d400000, 0x000000061d400000| Untracked 
|  99|0x000000061d800000, 0x000000061d800000, 0x000000061dc00000|  0%| F|  |TAMS 0x000000061d800000, 0x000000061d800000| Untracked 
| 100|0x000000061dc00000, 0x000000061dc00000, 0x000000061e000000|  0%| F|  |TAMS 0x000000061dc00000, 0x000000061dc00000| Untracked 
| 101|0x000000061e000000, 0x000000061e000000, 0x000000061e400000|  0%| F|  |TAMS 0x000000061e000000, 0x000000061e000000| Untracked 
| 102|0x000000061e400000, 0x000000061e400000, 0x000000061e800000|  0%| F|  |TAMS 0x000000061e400000, 0x000000061e400000| Untracked 
| 103|0x000000061e800000, 0x000000061e800000, 0x000000061ec00000|  0%| F|  |TAMS 0x000000061e800000, 0x000000061e800000| Untracked 
| 104|0x000000061ec00000, 0x000000061ec00000, 0x000000061f000000|  0%| F|  |TAMS 0x000000061ec00000, 0x000000061ec00000| Untracked 
| 105|0x000000061f000000, 0x000000061f000000, 0x000000061f400000|  0%| F|  |TAMS 0x000000061f000000, 0x000000061f000000| Untracked 
| 106|0x000000061f400000, 0x000000061f400000, 0x000000061f800000|  0%| F|  |TAMS 0x000000061f400000, 0x000000061f400000| Untracked 
| 107|0x000000061f800000, 0x000000061f800000, 0x000000061fc00000|  0%| F|  |TAMS 0x000000061f800000, 0x000000061f800000| Untracked 
| 108|0x000000061fc00000, 0x000000061fc00000, 0x0000000620000000|  0%| F|  |TAMS 0x000000061fc00000, 0x000000061fc00000| Untracked 
| 109|0x0000000620000000, 0x0000000620000000, 0x0000000620400000|  0%| F|  |TAMS 0x0000000620000000, 0x0000000620000000| Untracked 
| 110|0x0000000620400000, 0x0000000620400000, 0x0000000620800000|  0%| F|  |TAMS 0x0000000620400000, 0x0000000620400000| Untracked 
| 111|0x0000000620800000, 0x0000000620800000, 0x0000000620c00000|  0%| F|  |TAMS 0x0000000620800000, 0x0000000620800000| Untracked 
| 112|0x0000000620c00000, 0x0000000620c00000, 0x0000000621000000|  0%| F|  |TAMS 0x0000000620c00000, 0x0000000620c00000| Untracked 
| 113|0x0000000621000000, 0x0000000621000000, 0x0000000621400000|  0%| F|  |TAMS 0x0000000621000000, 0x0000000621000000| Untracked 
| 114|0x0000000621400000, 0x0000000621400000, 0x0000000621800000|  0%| F|  |TAMS 0x0000000621400000, 0x0000000621400000| Untracked 
| 115|0x0000000621800000, 0x0000000621800000, 0x0000000621c00000|  0%| F|  |TAMS 0x0000000621800000, 0x0000000621800000| Untracked 
| 116|0x0000000621c00000, 0x0000000621c00000, 0x0000000622000000|  0%| F|  |TAMS 0x0000000621c00000, 0x0000000621c00000| Untracked 
| 117|0x0000000622000000, 0x0000000622000000, 0x0000000622400000|  0%| F|  |TAMS 0x0000000622000000, 0x0000000622000000| Untracked 
| 118|0x0000000622400000, 0x0000000622400000, 0x0000000622800000|  0%| F|  |TAMS 0x0000000622400000, 0x0000000622400000| Untracked 
| 119|0x0000000622800000, 0x0000000622800000, 0x0000000622c00000|  0%| F|  |TAMS 0x0000000622800000, 0x0000000622800000| Untracked 
| 120|0x0000000622c00000, 0x0000000622c00000, 0x0000000623000000|  0%| F|  |TAMS 0x0000000622c00000, 0x0000000622c00000| Untracked 
| 121|0x0000000623000000, 0x0000000623000000, 0x0000000623400000|  0%| F|  |TAMS 0x0000000623000000, 0x0000000623000000| Untracked 
| 122|0x0000000623400000, 0x0000000623400000, 0x0000000623800000|  0%| F|  |TAMS 0x0000000623400000, 0x0000000623400000| Untracked 
| 123|0x0000000623800000, 0x0000000623aeebe0, 0x0000000623c00000| 73%| E|  |TAMS 0x0000000623800000, 0x0000000623800000| Complete 
| 124|0x0000000623c00000, 0x0000000624000000, 0x0000000624000000|100%| E|CS|TAMS 0x0000000623c00000, 0x0000000623c00000| Complete 
| 125|0x0000000624000000, 0x0000000624400000, 0x0000000624400000|100%| E|CS|TAMS 0x0000000624000000, 0x0000000624000000| Complete 
| 126|0x0000000624400000, 0x0000000624800000, 0x0000000624800000|100%| E|CS|TAMS 0x0000000624400000, 0x0000000624400000| Complete 

Card table byte_map: [0x000001271c550000,0x000001271d530000] _byte_map_base: 0x000001271952a000

Marking Bits (Prev, Next): (CMBitMap*) 0x000001270837b180, (CMBitMap*) 0x000001270837b1c0
 Prev Bits: [0x000001271e510000, 0x00000127263e0000)
 Next Bits: [0x00000127263e0000, 0x000001272e2b0000)

Polling page: 0x0000012707a80000

Metaspace:

Usage:
  Non-class:     13.79 MB used.
      Class:      1.61 MB used.
       Both:     15.40 MB used.

Virtual space:
  Non-class space:       64.00 MB reserved,      13.88 MB ( 22%) committed,  1 nodes.
      Class space:        1.00 GB reserved,       1.69 MB ( <1%) committed,  1 nodes.
             Both:        1.06 GB reserved,      15.56 MB (  1%) committed. 

Chunk freelists:
   Non-Class:  2.01 MB
       Class:  14.23 MB
        Both:  16.24 MB

MaxMetaspaceSize: unlimited
CompressedClassSpaceSize: 1.00 GB
Initial GC threshold: 21.00 MB
Current GC threshold: 21.00 MB
CDS: off
MetaspaceReclaimPolicy: balanced
 - commit_granule_bytes: 65536.
 - commit_granule_words: 8192.
 - virtual_space_node_default_size: 8388608.
 - enlarge_chunks_in_place: 1.
 - new_chunks_are_fully_committed: 0.
 - uncommit_free_chunks: 1.
 - use_allocation_guard: 0.
 - handle_deallocations: 1.


Internal statistics:

num_allocs_failed_limit: 0.
num_arena_births: 124.
num_arena_deaths: 0.
num_vsnodes_births: 2.
num_vsnodes_deaths: 0.
num_space_committed: 249.
num_space_uncommitted: 0.
num_chunks_returned_to_freelist: 0.
num_chunks_taken_from_freelist: 255.
num_chunk_merges: 0.
num_chunk_splits: 146.
num_chunks_enlarged: 91.
num_inconsistent_stats: 0.

CodeHeap 'non-profiled nmethods': size=119168Kb used=305Kb max_used=305Kb free=118862Kb
 bounds [0x0000012713340000, 0x00000127135b0000, 0x000001271a7a0000]
CodeHeap 'profiled nmethods': size=119104Kb used=1842Kb max_used=1842Kb free=117261Kb
 bounds [0x000001270b7a0000, 0x000001270ba10000, 0x0000012712bf0000]
CodeHeap 'non-nmethods': size=7488Kb used=2876Kb max_used=2903Kb free=4611Kb
 bounds [0x0000012712bf0000, 0x0000012712ed0000, 0x0000012713340000]
 total_blobs=1555 nmethods=1071 adapters=394
 compilation: enabled
              stopped_count=0, restarted_count=0
 full_count=0

Compilation events (20 events):
Event: 0.248 Thread 0x00000127361e9970 nmethod 1058 0x000001271338a990 code [0x000001271338ab40, 0x000001271338acb8]
Event: 0.248 Thread 0x00000127361e9970 1061       4       sun.security.util.math.intpoly.IntegerPolynomial$MutableElement::setValue (33 bytes)
Event: 0.249 Thread 0x00000127361e9970 nmethod 1061 0x000001271338ae90 code [0x000001271338b020, 0x000001271338b178]
Event: 0.249 Thread 0x0000012731a1c930 nmethod 1060 0x000001271338b290 code [0x000001271338b420, 0x000001271338b578]
Event: 0.249 Thread 0x0000012731a1d3e0 1062       3       java.security.Provider::ensureLegacyParsed (123 bytes)
Event: 0.249 Thread 0x0000012731a1d3e0 nmethod 1062 0x000001270b969390 code [0x000001270b969620, 0x000001270b96a408]
Event: 0.249 Thread 0x0000012731a1d3e0 1063       3       sun.security.provider.SHA2::implCompress0 (490 bytes)
Event: 0.249 Thread 0x00000127361e9970 1064       4       java.util.concurrent.ConcurrentHashMap::get (162 bytes)
Event: 0.249 Thread 0x0000012731a1d3e0 nmethod 1063 0x000001270b96a710 code [0x000001270b96a900, 0x000001270b96b1c8]
Event: 0.250 Thread 0x0000012731b95cf0 1065       3       jdk.internal.reflect.ClassFileAssembler::emitByte (11 bytes)
Event: 0.250 Thread 0x0000012731a1d3e0 1066       3       jdk.internal.reflect.ByteVectorImpl::add (38 bytes)
Event: 0.250 Thread 0x0000012731b95cf0 nmethod 1065 0x000001270b96b690 code [0x000001270b96b840, 0x000001270b96b9c8]
Event: 0.250 Thread 0x0000012731a1d3e0 nmethod 1066 0x000001270b96bb10 code [0x000001270b96bcc0, 0x000001270b96bea8]
Event: 0.251 Thread 0x00000127361e9970 nmethod 1064 0x000001271338b710 code [0x000001271338b8a0, 0x000001271338bb98]
Event: 0.251 Thread 0x0000012731b95cf0 1067       1       java.util.concurrent.locks.AbstractOwnableSynchronizer::setExclusiveOwnerThread (6 bytes)
Event: 0.251 Thread 0x0000012731b95cf0 nmethod 1067 0x000001271338be10 code [0x000001271338bfa0, 0x000001271338c0b8]
Event: 0.252 Thread 0x0000012731a1d3e0 1070       3       java.lang.invoke.Invokers$Holder::linkToTargetMethod (8 bytes)
Event: 0.252 Thread 0x0000012731b96210 1071       3       java.lang.invoke.LambdaForm$MH/0x00000008000c4000::invoke (8 bytes)
Event: 0.252 Thread 0x0000012731b96210 nmethod 1071 0x000001270b96c010 code [0x000001270b96c1a0, 0x000001270b96c3f8]
Event: 0.252 Thread 0x0000012731a1d3e0 nmethod 1070 0x000001270b96c510 code [0x000001270b96c6c0, 0x000001270b96c9d8]

GC Heap History (0 events):
No events

Dll operation events (1 events):
Event: 0.004 Loaded shared library C:\Program Files\Android\Android Studio\jbr\bin\java.dll

Deoptimization events (20 events):
Event: 0.142 Thread 0x00000127082ce970 DEOPT PACKING pc=0x000001270b7dc1ad sp=0x00000013252fdd40
Event: 0.142 Thread 0x00000127082ce970 DEOPT UNPACKING pc=0x0000012712c47143 sp=0x00000013252fd1d8 mode 0
Event: 0.143 Thread 0x00000127082ce970 DEOPT PACKING pc=0x000001270b7dc1ad sp=0x00000013252fdd60
Event: 0.143 Thread 0x00000127082ce970 DEOPT UNPACKING pc=0x0000012712c47143 sp=0x00000013252fd1f8 mode 0
Event: 0.147 Thread 0x00000127082ce970 Uncommon trap: trap_request=0xffffff45 fr.pc=0x000001271335f3f4 relative=0x0000000000000074
Event: 0.147 Thread 0x00000127082ce970 Uncommon trap: reason=unstable_if action=reinterpret pc=0x000001271335f3f4 method=jdk.internal.misc.Unsafe.convEndian(ZI)I @ 4 c2
Event: 0.147 Thread 0x00000127082ce970 DEOPT PACKING pc=0x000001271335f3f4 sp=0x00000013252fdd00
Event: 0.147 Thread 0x00000127082ce970 DEOPT UNPACKING pc=0x0000012712c469a3 sp=0x00000013252fdc30 mode 2
Event: 0.191 Thread 0x00000127082ce970 Uncommon trap: trap_request=0xffffff45 fr.pc=0x000001271335ef78 relative=0x00000000000003d8
Event: 0.191 Thread 0x00000127082ce970 Uncommon trap: reason=unstable_if action=reinterpret pc=0x000001271335ef78 method=java.lang.StringLatin1.newString([BII)Ljava/lang/String; @ 1 c2
Event: 0.191 Thread 0x00000127082ce970 DEOPT PACKING pc=0x000001271335ef78 sp=0x00000013252fe4f0
Event: 0.191 Thread 0x00000127082ce970 DEOPT UNPACKING pc=0x0000012712c469a3 sp=0x00000013252fe4b8 mode 2
Event: 0.192 Thread 0x00000127082ce970 DEOPT PACKING pc=0x000001270b7b73e7 sp=0x00000013252fe4c0
Event: 0.192 Thread 0x00000127082ce970 DEOPT UNPACKING pc=0x0000012712c47143 sp=0x00000013252fd8e0 mode 0
Event: 0.205 Thread 0x00000127082ce970 DEOPT PACKING pc=0x000001270b7b63d1 sp=0x00000013252fa310
Event: 0.205 Thread 0x00000127082ce970 DEOPT UNPACKING pc=0x0000012712c47143 sp=0x00000013252f9788 mode 0
Event: 0.218 Thread 0x0000012736572f20 Uncommon trap: trap_request=0xffffff45 fr.pc=0x000001271336205c relative=0x000000000000029c
Event: 0.218 Thread 0x0000012736572f20 Uncommon trap: reason=unstable_if action=reinterpret pc=0x000001271336205c method=java.lang.invoke.VarHandle.checkExactAccessMode(Ljava/lang/invoke/VarHandle$AccessDescriptor;)V @ 4 c2
Event: 0.218 Thread 0x0000012736572f20 DEOPT PACKING pc=0x000001271336205c sp=0x00000013269fee30
Event: 0.218 Thread 0x0000012736572f20 DEOPT UNPACKING pc=0x0000012712c469a3 sp=0x00000013269feda0 mode 2

Classes unloaded (0 events):
No events

Classes redefined (0 events):
No events

Internal exceptions (20 events):
Event: 0.105 Thread 0x00000127082ce970 Exception <a 'java/lang/NoSuchMethodError'{0x0000000624085d80}: 'int java.lang.invoke.DirectMethodHandle$Holder.invokeStaticInit(java.lang.Object, java.lang.Object)'> (0x0000000624085d80) 
thrown [s\src\hotspot\share\interpreter\linkResolver.cpp, line 771]
Event: 0.120 Thread 0x00000127082ce970 Exception <a 'java/lang/NoSuchMethodError'{0x00000006241e8138}: 'java.lang.Object java.lang.invoke.DirectMethodHandle$Holder.invokeStaticInit(java.lang.Object, int, int, int, int)'> (0x00000006241e8138) 
thrown [s\src\hotspot\share\interpreter\linkResolver.cpp, line 771]
Event: 0.146 Thread 0x00000127082ce970 Exception <a 'java/lang/NoSuchMethodError'{0x00000006242cf368}: 'java.lang.Object java.lang.invoke.DirectMethodHandle$Holder.invokeStaticInit(java.lang.Object, java.lang.Object, int, int, int, int)'> (0x00000006242cf368) 
thrown [s\src\hotspot\share\interpreter\linkResolver.cpp, line 771]
Event: 0.150 Thread 0x00000127082ce970 Exception <a 'java/lang/NoSuchMethodError'{0x0000000624339250}: 'java.lang.Object java.lang.invoke.DirectMethodHandle$Holder.invokeStatic(java.lang.Object, java.lang.Object, int)'> (0x0000000624339250) 
thrown [s\src\hotspot\share\interpreter\linkResolver.cpp, line 771]
Event: 0.150 Thread 0x00000127082ce970 Exception <a 'java/lang/NoSuchMethodError'{0x000000062433c9c8}: 'java.lang.Object java.lang.invoke.DirectMethodHandle$Holder.invokeStaticInit(java.lang.Object, java.lang.Object, int)'> (0x000000062433c9c8) 
thrown [s\src\hotspot\share\interpreter\linkResolver.cpp, line 771]
Event: 0.150 Thread 0x00000127082ce970 Exception <a 'java/lang/NoSuchMethodError'{0x0000000624342d78}: 'java.lang.Object java.lang.invoke.DirectMethodHandle$Holder.newInvokeSpecial(java.lang.Object, java.lang.Object, int)'> (0x0000000624342d78) 
thrown [s\src\hotspot\share\interpreter\linkResolver.cpp, line 771]
Event: 0.152 Thread 0x00000127082ce970 Exception <a 'java/lang/NoSuchMethodError'{0x0000000624352458}: 'int java.lang.invoke.DirectMethodHandle$Holder.invokeStaticInit(java.lang.Object, java.lang.Object, java.lang.Object)'> (0x0000000624352458) 
thrown [s\src\hotspot\share\interpreter\linkResolver.cpp, line 771]
Event: 0.153 Thread 0x00000127082ce970 Exception <a 'java/lang/NoSuchMethodError'{0x0000000624362890}: 'int java.lang.invoke.DirectMethodHandle$Holder.invokeSpecial(java.lang.Object, java.lang.Object, java.lang.Object)'> (0x0000000624362890) 
thrown [s\src\hotspot\share\interpreter\linkResolver.cpp, line 771]
Event: 0.153 Thread 0x00000127082ce970 Exception <a 'java/lang/NoSuchMethodError'{0x000000062436ac70}: 'int java.lang.invoke.DirectMethodHandle$Holder.invokeSpecialIFC(java.lang.Object, java.lang.Object, java.lang.Object)'> (0x000000062436ac70) 
thrown [s\src\hotspot\share\interpreter\linkResolver.cpp, line 771]
Event: 0.167 Thread 0x00000127082ce970 Exception <a 'java/lang/NoSuchMethodError'{0x00000006243f6b10}: 'java.lang.Object java.lang.invoke.DirectMethodHandle$Holder.invokeStaticInit(java.lang.Object)'> (0x00000006243f6b10) 
thrown [s\src\hotspot\share\interpreter\linkResolver.cpp, line 771]
Event: 0.196 Thread 0x00000127082ce970 Exception <a 'java/lang/NoSuchMethodError'{0x0000000623d40a40}: 'java.lang.Object java.lang.invoke.DirectMethodHandle$Holder.newInvokeSpecial(java.lang.Object, java.lang.Object, java.lang.Object, java.lang.Object, java.lang.Object)'> (0x0000000623d40a40) 
thrown [s\src\hotspot\share\interpreter\linkResolver.cpp, line 771]
Event: 0.209 Thread 0x00000127082ce970 Exception <a 'java/lang/NoSuchMethodError'{0x0000000623f4a830}: 'java.lang.Object java.lang.invoke.DirectMethodHandle$Holder.invokeSpecial(java.lang.Object, java.lang.Object, java.lang.Object, java.lang.Object, int)'> (0x0000000623f4a830) 
thrown [s\src\hotspot\share\interpreter\linkResolver.cpp, line 771]
Event: 0.209 Thread 0x00000127082ce970 Exception <a 'java/lang/NoSuchMethodError'{0x0000000623f4e3f8}: 'java.lang.Object java.lang.invoke.Invokers$Holder.linkToTargetMethod(java.lang.Object, java.lang.Object, int, java.lang.Object)'> (0x0000000623f4e3f8) 
thrown [s\src\hotspot\share\interpreter\linkResolver.cpp, line 771]
Event: 0.213 Thread 0x00000127082ce970 Exception <a 'java/lang/NoSuchMethodError'{0x0000000623fab320}: 'void java.lang.invoke.DirectMethodHandle$Holder.invokeSpecial(java.lang.Object, java.lang.Object, java.lang.Object)'> (0x0000000623fab320) 
thrown [s\src\hotspot\share\interpreter\linkResolver.cpp, line 771]
Event: 0.218 Thread 0x0000012736572f20 Exception <a 'java/lang/NoSuchMethodError'{0x0000000623d9a078}: 'void java.lang.invoke.DirectMethodHandle$Holder.invokeStatic(java.lang.Object, java.lang.Object, int)'> (0x0000000623d9a078) 
thrown [s\src\hotspot\share\interpreter\linkResolver.cpp, line 771]
Event: 0.218 Thread 0x00000127082ce970 Exception <a 'java/lang/NoSuchMethodError'{0x0000000623832258}: 'void java.lang.invoke.DirectMethodHandle$Holder.invokeSpecial(java.lang.Object, java.lang.Object, java.lang.Object, java.lang.Object, java.lang.Object)'> (0x0000000623832258) 
thrown [s\src\hotspot\share\interpreter\linkResolver.cpp, line 771]
Event: 0.221 Thread 0x0000012736615f40 Exception <a 'java/lang/NoSuchMethodError'{0x00000006238a4de0}: 'void java.lang.invoke.DirectMethodHandle$Holder.invokeInterface(java.lang.Object, java.lang.Object, java.lang.Object)'> (0x00000006238a4de0) 
thrown [s\src\hotspot\share\interpreter\linkResolver.cpp, line 771]
Event: 0.222 Thread 0x0000012736615f40 Exception <a 'java/lang/NoSuchMethodError'{0x00000006238bb2c8}: 'int java.lang.invoke.DirectMethodHandle$Holder.invokeStaticInit(java.lang.Object, int, int)'> (0x00000006238bb2c8) 
thrown [s\src\hotspot\share\interpreter\linkResolver.cpp, line 771]
Event: 0.224 Thread 0x0000012736615f40 Exception <a 'java/lang/NoSuchMethodError'{0x00000006238fe990}: 'void java.lang.invoke.DirectMethodHandle$Holder.invokeVirtual(java.lang.Object, java.lang.Object)'> (0x00000006238fe990) 
thrown [s\src\hotspot\share\interpreter\linkResolver.cpp, line 771]
Event: 0.246 Thread 0x0000012736615f40 Exception <a 'java/lang/NoSuchMethodError'{0x0000000623a54de0}: 'void java.lang.invoke.DirectMethodHandle$Holder.invokeInterface(java.lang.Object, java.lang.Object)'> (0x0000000623a54de0) 
thrown [s\src\hotspot\share\interpreter\linkResolver.cpp, line 771]

VM Operations (8 events):
Event: 0.053 Executing VM operation: HandshakeAllThreads
Event: 0.053 Executing VM operation: HandshakeAllThreads done
Event: 0.059 Executing VM operation: HandshakeAllThreads
Event: 0.059 Executing VM operation: HandshakeAllThreads done
Event: 0.126 Executing VM operation: HandshakeAllThreads
Event: 0.126 Executing VM operation: HandshakeAllThreads done
Event: 0.169 Executing VM operation: HandshakeAllThreads
Event: 0.169 Executing VM operation: HandshakeAllThreads done

Events (20 events):
Event: 0.251 loading class com/sun/crypto/provider/GaloisCounterMode$GCMDecrypt
Event: 0.251 loading class com/sun/crypto/provider/GaloisCounterMode$GCMEngine
Event: 0.251 loading class com/sun/crypto/provider/GaloisCounterMode$GCMEngine done
Event: 0.251 loading class com/sun/crypto/provider/GaloisCounterMode$GCMDecrypt done
Event: 0.251 loading class com/sun/crypto/provider/GCTR
Event: 0.251 loading class com/sun/crypto/provider/GCM
Event: 0.251 loading class com/sun/crypto/provider/GCM done
Event: 0.251 loading class com/sun/crypto/provider/CounterMode
Event: 0.251 loading class com/sun/crypto/provider/CounterMode done
Event: 0.251 loading class com/sun/crypto/provider/GCTR done
Event: 0.251 loading class com/sun/crypto/provider/GHASH
Event: 0.251 loading class com/sun/crypto/provider/GHASH done
Event: 0.252 loading class sun/security/ssl/EncryptedExtensions$EncryptedExtensionsMessage
Event: 0.252 loading class sun/security/ssl/EncryptedExtensions$EncryptedExtensionsMessage done
Event: 0.252 loading class sun/security/ssl/CertificateMessage$T13CertificateMessage
Event: 0.252 loading class sun/security/ssl/CertificateMessage$T13CertificateMessage done
Event: 0.252 loading class sun/security/ssl/CertificateMessage$CertificateEntry
Event: 0.252 loading class sun/security/ssl/CertificateMessage$CertificateEntry done
Event: 0.252 loading class java/security/cert/X509Certificate
Event: 0.252 loading class java/security/cert/X509Extension


Dynamic libraries:
0x00007ff750c40000 - 0x00007ff750c4a000 	C:\Program Files\Android\Android Studio\jbr\bin\java.exe
0x00007fffdf290000 - 0x00007fffdf4a7000 	C:\Windows\SYSTEM32\ntdll.dll
0x00007fffdea50000 - 0x00007fffdeb14000 	C:\Windows\System32\KERNEL32.DLL
0x00007fffdca00000 - 0x00007fffdcdad000 	C:\Windows\System32\KERNELBASE.dll
0x00007fffdc8e0000 - 0x00007fffdc9f1000 	C:\Windows\System32\ucrtbase.dll
0x00007fffd4650000 - 0x00007fffd466b000 	C:\Program Files\Android\Android Studio\jbr\bin\VCRUNTIME140.dll
0x00007fffca130000 - 0x00007fffca147000 	C:\Program Files\Android\Android Studio\jbr\bin\jli.dll
0x00007fffdf020000 - 0x00007fffdf1ce000 	C:\Windows\System32\USER32.dll
0x00007fffdcdb0000 - 0x00007fffdcdd6000 	C:\Windows\System32\win32u.dll
0x00007fffdd8a0000 - 0x00007fffdd8c9000 	C:\Windows\System32\GDI32.dll
0x00007fffb0f20000 - 0x00007fffb11b3000 	C:\Windows\WinSxS\amd64_microsoft.windows.common-controls_6595b64144ccf1df_6.0.22621.3672_none_2713b9d173822955\COMCTL32.dll
0x00007fffdc720000 - 0x00007fffdc839000 	C:\Windows\System32\gdi32full.dll
0x00007fffdd070000 - 0x00007fffdd117000 	C:\Windows\System32\msvcrt.dll
0x00007fffdce60000 - 0x00007fffdcefa000 	C:\Windows\System32\msvcp_win.dll
0x00007fffdd8e0000 - 0x00007fffdd911000 	C:\Windows\System32\IMM32.DLL
0x00007fffd65e0000 - 0x00007fffd65ec000 	C:\Program Files\Android\Android Studio\jbr\bin\vcruntime140_1.dll
0x00007fffc9560000 - 0x00007fffc95ed000 	C:\Program Files\Android\Android Studio\jbr\bin\msvcp140.dll
0x00007fff404e0000 - 0x00007fff41163000 	C:\Program Files\Android\Android Studio\jbr\bin\server\jvm.dll
0x00007fffdd660000 - 0x00007fffdd712000 	C:\Windows\System32\ADVAPI32.dll
0x00007fffdd930000 - 0x00007fffdd9d9000 	C:\Windows\System32\sechost.dll
0x00007fffdc840000 - 0x00007fffdc868000 	C:\Windows\System32\bcrypt.dll
0x00007fffdd390000 - 0x00007fffdd4a4000 	C:\Windows\System32\RPCRT4.dll
0x00007fffdb330000 - 0x00007fffdb37d000 	C:\Windows\SYSTEM32\POWRPROF.dll
0x00007fffd46d0000 - 0x00007fffd4704000 	C:\Windows\SYSTEM32\WINMM.dll
0x00007fffd5320000 - 0x00007fffd532a000 	C:\Windows\SYSTEM32\VERSION.dll
0x00007fffcb060000 - 0x00007fffcb069000 	C:\Windows\SYSTEM32\WSOCK32.dll
0x00007fffde4a0000 - 0x00007fffde511000 	C:\Windows\System32\WS2_32.dll
0x00007fffdb310000 - 0x00007fffdb323000 	C:\Windows\SYSTEM32\UMPDC.dll
0x00007fffdb5c0000 - 0x00007fffdb5d8000 	C:\Windows\SYSTEM32\kernel.appcore.dll
0x00007fffd6620000 - 0x00007fffd662a000 	C:\Program Files\Android\Android Studio\jbr\bin\jimage.dll
0x00007fffd9cf0000 - 0x00007fffd9f22000 	C:\Windows\SYSTEM32\DBGHELP.DLL
0x00007fffdebb0000 - 0x00007fffdef3e000 	C:\Windows\System32\combase.dll
0x00007fffdef40000 - 0x00007fffdf017000 	C:\Windows\System32\OLEAUT32.dll
0x00007fffd5ad0000 - 0x00007fffd5b02000 	C:\Windows\SYSTEM32\dbgcore.DLL
0x00007fffdcde0000 - 0x00007fffdce5b000 	C:\Windows\System32\bcryptPrimitives.dll
0x00007fffcab90000 - 0x00007fffcabb5000 	C:\Program Files\Android\Android Studio\jbr\bin\java.dll
0x00007fffcafe0000 - 0x00007fffcaff8000 	C:\Program Files\Android\Android Studio\jbr\bin\zip.dll
0x00007fffdd9e0000 - 0x00007fffde247000 	C:\Windows\System32\SHELL32.dll
0x00007fffda220000 - 0x00007fffdab1f000 	C:\Windows\SYSTEM32\windows.storage.dll
0x00007fffda0e0000 - 0x00007fffda21f000 	C:\Windows\SYSTEM32\wintypes.dll
0x00007fffdd130000 - 0x00007fffdd229000 	C:\Windows\System32\SHCORE.dll
0x00007fffde520000 - 0x00007fffde57e000 	C:\Windows\System32\shlwapi.dll
0x00007fffdc4e0000 - 0x00007fffdc507000 	C:\Windows\SYSTEM32\profapi.dll
0x00007fffcac70000 - 0x00007fffcac89000 	C:\Program Files\Android\Android Studio\jbr\bin\net.dll
0x00007fffdb5e0000 - 0x00007fffdb716000 	C:\Windows\SYSTEM32\WINHTTP.dll
0x00007fffdbb60000 - 0x00007fffdbbc9000 	C:\Windows\system32\mswsock.dll
0x00007fffcaaf0000 - 0x00007fffcab06000 	C:\Program Files\Android\Android Studio\jbr\bin\nio.dll
0x00007fffdbe00000 - 0x00007fffdbe1b000 	C:\Windows\SYSTEM32\CRYPTSP.dll
0x00007fffdb520000 - 0x00007fffdb555000 	C:\Windows\system32\rsaenh.dll
0x00007fffdbc00000 - 0x00007fffdbc28000 	C:\Windows\SYSTEM32\USERENV.dll
0x00007fffdbde0000 - 0x00007fffdbdec000 	C:\Windows\SYSTEM32\CRYPTBASE.dll
0x00007fffdad70000 - 0x00007fffdad9d000 	C:\Windows\SYSTEM32\IPHLPAPI.DLL
0x00007fffde250000 - 0x00007fffde259000 	C:\Windows\System32\NSI.dll
0x00007fffd8ae0000 - 0x00007fffd8af9000 	C:\Windows\SYSTEM32\dhcpcsvc6.DLL
0x00007fffd8a30000 - 0x00007fffd8a4f000 	C:\Windows\SYSTEM32\dhcpcsvc.DLL
0x00007fffdada0000 - 0x00007fffdae98000 	C:\Windows\SYSTEM32\DNSAPI.dll
0x00007fffc5920000 - 0x00007fffc5928000 	C:\Windows\system32\wshunix.dll
0x00007fffcb050000 - 0x00007fffcb059000 	C:\Program Files\Android\Android Studio\jbr\bin\extnet.dll

dbghelp: loaded successfully - version: 4.0.5 - missing functions: none
symbol engine: initialized successfully - sym options: 0x614 - pdb path: .;C:\Program Files\Android\Android Studio\jbr\bin;C:\Windows\SYSTEM32;C:\Windows\WinSxS\amd64_microsoft.windows.common-controls_6595b64144ccf1df_6.0.22621.3672_none_2713b9d173822955;C:\Program Files\Android\Android Studio\jbr\bin\server

VM Arguments:
java_command: git4idea.http.GitAskPassApp Username for 'https://github.com': 
java_class_path (initial): C:/Program Files/Android/Android Studio/plugins/vcs-git/lib/git4idea-rt.jar;C:/Program Files/Android/Android Studio/lib/externalProcess-rt.jar
Launcher Type: SUN_STANDARD

[Global flags]
     intx CICompilerCount                          = 12                                        {product} {ergonomic}
     uint ConcGCThreads                            = 5                                         {product} {ergonomic}
     uint G1ConcRefinementThreads                  = 18                                        {product} {ergonomic}
   size_t G1HeapRegionSize                         = 4194304                                   {product} {ergonomic}
    uintx GCDrainStackTargetSize                   = 64                                        {product} {ergonomic}
   size_t InitialHeapSize                          = 532676608                                 {product} {ergonomic}
   size_t MarkStackSize                            = 4194304                                   {product} {ergonomic}
   size_t MaxHeapSize                              = 8510242816                                {product} {ergonomic}
   size_t MaxNewSize                               = 5104467968                                {product} {ergonomic}
   size_t MinHeapDeltaBytes                        = 4194304                                   {product} {ergonomic}
   size_t MinHeapSize                              = 8388608                                   {product} {ergonomic}
    uintx NonNMethodCodeHeapSize                   = 7602480                                {pd product} {ergonomic}
    uintx NonProfiledCodeHeapSize                  = 122027880                              {pd product} {ergonomic}
    uintx ProfiledCodeHeapSize                     = 122027880                              {pd product} {ergonomic}
    uintx ReservedCodeCacheSize                    = 251658240                              {pd product} {ergonomic}
     bool SegmentedCodeCache                       = true                                      {product} {ergonomic}
   size_t SoftMaxHeapSize                          = 8510242816                             {manageable} {ergonomic}
     bool UseCompressedClassPointers               = true                           {product lp64_product} {ergonomic}
     bool UseCompressedOops                        = true                           {product lp64_product} {ergonomic}
     bool UseG1GC                                  = true                                      {product} {ergonomic}
     bool UseLargePagesIndividualAllocation        = false                                  {pd product} {ergonomic}

Logging:
Log output configuration:
 #0: stdout all=warning uptime,level,tags
 #1: stderr all=off uptime,level,tags

Environment Variables:
PATH=C:\Program Files\Git\mingw64\libexec\git-core;C:\Program Files\Git\mingw64\libexec\git-core;C:\Program Files\Git\mingw64\bin;C:\Program Files\Git\usr\bin;C:\Users\SatyaSwarupSrichanda\bin;C:\Windows\system32;C:\Windows;C:\Windows\System32\Wbem;C:\Windows\System32\WindowsPowerShell\v1.0;C:\Windows\System32\OpenSSH;C:\Program Files\dotnet;C:\Program Files\Git\cmd;C:\Users\SatyaSwarupSrichanda\AppData\Local\Programs\Python\Python312\Scripts;C:\Users\SatyaSwarupSrichanda\AppData\Local\Programs\Python\Python312;C:\Users\SatyaSwarupSrichanda\AppData\Local\Microsoft\WindowsApps;C:\Program Files\JetBrains\PyCharm Community Edition 2024.1.4\bin;C:\Program Files\JetBrains\PyCharm 2024.1.4\bin
USERNAME=SatyaSwarupSrichanda
DISPLAY=:0.0
LC_ALL=en_US.UTF-8
TERM=xterm-256color
TMPDIR=C:\Users\SATYAS~1\AppData\Local\Temp
OS=Windows_NT
PROCESSOR_IDENTIFIER=Intel64 Family 6 Model 183 Stepping 1, GenuineIntel
TMP=C:\Users\SATYAS~1\AppData\Local\Temp
TEMP=C:\Users\SATYAS~1\AppData\Local\Temp



Periodic native trim disabled

JNI global refs:
JNI global refs: 27, weak refs: 0

JNI global refs memory usage: 843, weak refs: 841

Process memory usage:
Resident Set Size: 73436K (0% of 33235692K total physical memory with 14958444K free physical memory)

OOME stack traces (most recent first):
Classloader memory used:
Loader bootstrap                                                                       : 1788K
Loader jdk.internal.loader.ClassLoaders$PlatformClassLoader                            : 179K
Loader jdk.internal.loader.ClassLoaders$AppClassLoader                                 : 1808B
Loader jdk.internal.reflect.DelegatingClassLoader                                      : 432B


---------------  S Y S T E M  ---------------

OS:
 Windows 11 , 64 bit Build 22621 (10.0.22621.3958)
OS uptime: 6 days 4:07 hours
Hyper-V role detected

CPU: total 24 (initial active 24) (12 cores per cpu, 2 threads per core) family 6 model 183 stepping 1 microcode 0x11d, cx8, cmov, fxsr, ht, mmx, 3dnowpref, sse, sse2, sse3, ssse3, sse4.1, sse4.2, popcnt, lzcnt, tsc, tscinvbit, avx, avx2, aes, erms, clmul, bmi1, bmi2, adx, sha, fma, vzeroupper, clflush, clflushopt, clwb, hv
Processor Information for processor 0
  Max Mhz: 2100, Current Mhz: 2100, Mhz Limit: 2100
Processor Information for processor 1
  Max Mhz: 2100, Current Mhz: 2100, Mhz Limit: 2100
Processor Information for processor 2
  Max Mhz: 2100, Current Mhz: 2100, Mhz Limit: 2100
Processor Information for processor 3
  Max Mhz: 2100, Current Mhz: 2100, Mhz Limit: 2100
Processor Information for processor 4
  Max Mhz: 2100, Current Mhz: 2100, Mhz Limit: 2100
Processor Information for processor 5
  Max Mhz: 2100, Current Mhz: 2100, Mhz Limit: 2100
Processor Information for processor 6
  Max Mhz: 2100, Current Mhz: 2100, Mhz Limit: 2100
Processor Information for processor 7
  Max Mhz: 2100, Current Mhz: 2100, Mhz Limit: 2100
Processor Information for processor 8
  Max Mhz: 2100, Current Mhz: 2100, Mhz Limit: 2100
Processor Information for processor 9
  Max Mhz: 2100, Current Mhz: 2100, Mhz Limit: 2100
Processor Information for processor 10
  Max Mhz: 2100, Current Mhz: 2100, Mhz Limit: 2100
Processor Information for processor 11
  Max Mhz: 2100, Current Mhz: 2100, Mhz Limit: 2100
Processor Information for processor 12
  Max Mhz: 2100, Current Mhz: 2100, Mhz Limit: 2100
Processor Information for processor 13
  Max Mhz: 2100, Current Mhz: 2100, Mhz Limit: 2100
Processor Information for processor 14
  Max Mhz: 2100, Current Mhz: 2100, Mhz Limit: 2100
Processor Information for processor 15
  Max Mhz: 2100, Current Mhz: 2100, Mhz Limit: 2100
Processor Information for processor 16
  Max Mhz: 2100, Current Mhz: 1500, Mhz Limit: 1491
Processor Information for processor 17
  Max Mhz: 2100, Current Mhz: 1500, Mhz Limit: 1491
Processor Information for processor 18
  Max Mhz: 2100, Current Mhz: 1500, Mhz Limit: 1491
Processor Information for processor 19
  Max Mhz: 2100, Current Mhz: 1500, Mhz Limit: 1491
Processor Information for processor 20
  Max Mhz: 2100, Current Mhz: 1500, Mhz Limit: 1491
Processor Information for processor 21
  Max Mhz: 2100, Current Mhz: 1500, Mhz Limit: 1491
Processor Information for processor 22
  Max Mhz: 2100, Current Mhz: 1500, Mhz Limit: 1491
Processor Information for processor 23
  Max Mhz: 2100, Current Mhz: 1500, Mhz Limit: 1491

Memory: 4k page, system-wide physical 32456M (14607M free)
TotalPageFile size 80269M (AvailPageFile size 6M)
current process WorkingSet (physical memory assigned to process): 71M, peak: 71M
current process commit charge ("private bytes"): 640M, peak: 641M

vm_info: OpenJDK 64-Bit Server VM (17.0.11+0--11852314) for windows-amd64 JRE (17.0.11+0--11852314), built on May 16 2024 21:29:20 by "androidbuild" with MS VC++ 16.10 / 16.11 (VS2019)

END.
