#
# There is insufficient memory for the Java Runtime Environment to continue.
# Native memory allocation (mmap) failed to map 532676608 bytes. Error detail: G1 virtual space
# Possible reasons:
#   The system is out of physical RAM or swap space
#   This process is running with CompressedOops enabled, and the Java Heap may be blocking the growth of the native heap
# Possible solutions:
#   Reduce memory load on the system
#   Increase physical memory or swap space
#   Check if swap backing store is full
#   Decrease Java heap size (-Xmx/-Xms)
#   Decrease number of Java threads
#   Decrease Java thread stack sizes (-Xss)
#   Set larger code cache with -XX:ReservedCodeCacheSize=
#   JVM is running with Zero Based Compressed Oops mode in which the Java heap is
#     placed in the first 32GB address space. The Java Heap base address is the
#     maximum limit for the native heap growth. Please use -XX:HeapBaseMinAddress
#     to set the Java Heap base and to place the Java Heap above 32GB virtual address.
# This output file may be truncated or incomplete.
#
#  Out of Memory Error (os_windows.cpp:3825), pid=27620, tid=25252
#
# JRE version:  (17.0.11) (build )
# Java VM: OpenJDK 64-Bit Server VM (17.0.11+0--11852314, mixed mode, sharing, tiered, compressed oops, compressed class ptrs, g1 gc, windows-amd64)
# No core dump will be written. Minidumps are not enabled by default on client versions of Windows
#

---------------  S U M M A R Y ------------

Command Line: git4idea.http.GitAskPassApp Username for 'https://github.com': 

Host: 13th Gen Intel(R) Core(TM) i7-13700, 24 cores, 31G,  Windows 11 , 64 bit Build 22621 (10.0.22621.3958)
Time: Tue Sep  3 17:29:41 2024 India Standard Time elapsed time: 0.006678 seconds (0d 0h 0m 0s)

---------------  T H R E A D  ---------------

Current thread (0x00000192eeacff00):  JavaThread "Unknown thread" [_thread_in_vm, id=25252, stack(0x0000003adb600000,0x0000003adb700000)]

Stack: [0x0000003adb600000,0x0000003adb700000]
Native frames: (J=compiled Java code, j=interpreted, Vv=VM code, C=native code)
V  [jvm.dll+0x687bb9]
V  [jvm.dll+0x84142a]
V  [jvm.dll+0x8430ae]
V  [jvm.dll+0x843713]
V  [jvm.dll+0x24a35f]
V  [jvm.dll+0x684989]
V  [jvm.dll+0x67923a]
V  [jvm.dll+0x30af0b]
V  [jvm.dll+0x3123b6]
V  [jvm.dll+0x361dfe]
V  [jvm.dll+0x36202f]
V  [jvm.dll+0x2e0d38]
V  [jvm.dll+0x2e1ca4]
V  [jvm.dll+0x811f21]
V  [jvm.dll+0x36fb68]
V  [jvm.dll+0x7f0896]
V  [jvm.dll+0x3f3d2f]
V  [jvm.dll+0x3f58e1]
C  [jli.dll+0x528f]
C  [ucrtbase.dll+0x29333]
C  [KERNEL32.DLL+0x1257d]
C  [ntdll.dll+0x5af28]


---------------  P R O C E S S  ---------------

Threads class SMR info:
_java_thread_list=0x00007fff4101efd8, length=0, elements={
}

Java Threads: ( => current thread )

Other Threads:
  0x00000192ffc01970 GCTaskThread "GC Thread#0" [stack: 0x0000003adb700000,0x0000003adb800000] [id=5664]
  0x00000192ffc12460 ConcurrentGCThread "G1 Main Marker" [stack: 0x0000003adb800000,0x0000003adb900000] [id=19128]
  0x00000192ffc12d80 ConcurrentGCThread "G1 Conc#0" [stack: 0x0000003adb900000,0x0000003adba00000] [id=480]

[error occurred during error reporting (printing all threads), id 0xc0000005, EXCEPTION_ACCESS_VIOLATION (0xc0000005) at pc=0x00007fff407d1907]

VM state: not at safepoint (not fully initialized)

VM Mutex/Monitor currently owned by a thread:  ([mutex/lock_event])
[0x00000192eeacb240] Heap_lock - owner thread: 0x00000192eeacff00

Heap address: 0x0000000604c00000, size: 8116 MB, Compressed Oops mode: Zero based, Oop shift amount: 3

CDS archive(s) mapped at: [0x0000000000000000-0x0000000000000000-0x0000000000000000), size 0, SharedBaseAddress: 0x0000000800000000, ArchiveRelocationMode: 1.
Narrow klass base: 0x0000000000000000, Narrow klass shift: 0, Narrow klass range: 0x0

GC Precious Log:
<Empty>

Heap:
 garbage-first heap   total 0K, used 0K [0x0000000604c00000, 0x0000000800000000)
  region size 4096K, 0 young (0K), 0 survivors (0K)
 Metaspace       used 0K, committed 0K, reserved 0K
  class space    used 0K, committed 0K, reserved 0K

Heap Regions: E=young(eden), S=young(survivor), O=old, HS=humongous(starts), HC=humongous(continues), CS=collection set, F=free, OA=open archive, CA=closed archive, TAMS=top-at-mark-start (previous, next)

Card table byte_map: [0x00000192f5c60000,0x00000192f6c40000] _byte_map_base: 0x00000192f2c3a000

Marking Bits (Prev, Next): (CMBitMap*) 0x00000192ffc01da0, (CMBitMap*) 0x00000192ffc01de0
 Prev Bits: [0x00000192f7c20000, 0x00000192ffaf0000)
 Next Bits: [0x000001928f000000, 0x0000019296ed0000)

GC Heap History (0 events):
No events

Dll operation events (1 events):
Event: 0.004 Loaded shared library C:\Program Files\Android\Android Studio\jbr\bin\java.dll

Deoptimization events (0 events):
No events

Classes unloaded (0 events):
No events

Classes redefined (0 events):
No events

Internal exceptions (0 events):
No events

VM Operations (0 events):
No events

Events (0 events):
No events


Dynamic libraries:
0x00007ff750c40000 - 0x00007ff750c4a000 	C:\Program Files\Android\Android Studio\jbr\bin\java.exe
0x00007fffdf290000 - 0x00007fffdf4a7000 	C:\Windows\SYSTEM32\ntdll.dll
0x00007fffdea50000 - 0x00007fffdeb14000 	C:\Windows\System32\KERNEL32.DLL
0x00007fffdca00000 - 0x00007fffdcdad000 	C:\Windows\System32\KERNELBASE.dll
0x00007fffdc8e0000 - 0x00007fffdc9f1000 	C:\Windows\System32\ucrtbase.dll
0x00007fffd4650000 - 0x00007fffd466b000 	C:\Program Files\Android\Android Studio\jbr\bin\VCRUNTIME140.dll
0x00007fffca130000 - 0x00007fffca147000 	C:\Program Files\Android\Android Studio\jbr\bin\jli.dll
0x00007fffdf020000 - 0x00007fffdf1ce000 	C:\Windows\System32\USER32.dll
0x00007fffdcdb0000 - 0x00007fffdcdd6000 	C:\Windows\System32\win32u.dll
0x00007fffdd8a0000 - 0x00007fffdd8c9000 	C:\Windows\System32\GDI32.dll
0x00007fffb0f20000 - 0x00007fffb11b3000 	C:\Windows\WinSxS\amd64_microsoft.windows.common-controls_6595b64144ccf1df_6.0.22621.3672_none_2713b9d173822955\COMCTL32.dll
0x00007fffdc720000 - 0x00007fffdc839000 	C:\Windows\System32\gdi32full.dll
0x00007fffdd070000 - 0x00007fffdd117000 	C:\Windows\System32\msvcrt.dll
0x00007fffdce60000 - 0x00007fffdcefa000 	C:\Windows\System32\msvcp_win.dll
0x00007fffdd8e0000 - 0x00007fffdd911000 	C:\Windows\System32\IMM32.DLL
0x00007fffd65e0000 - 0x00007fffd65ec000 	C:\Program Files\Android\Android Studio\jbr\bin\vcruntime140_1.dll
0x00007fffc9560000 - 0x00007fffc95ed000 	C:\Program Files\Android\Android Studio\jbr\bin\msvcp140.dll
0x00007fff404e0000 - 0x00007fff41163000 	C:\Program Files\Android\Android Studio\jbr\bin\server\jvm.dll
0x00007fffdd660000 - 0x00007fffdd712000 	C:\Windows\System32\ADVAPI32.dll
0x00007fffdd930000 - 0x00007fffdd9d9000 	C:\Windows\System32\sechost.dll
0x00007fffdc840000 - 0x00007fffdc868000 	C:\Windows\System32\bcrypt.dll
0x00007fffdd390000 - 0x00007fffdd4a4000 	C:\Windows\System32\RPCRT4.dll
0x00007fffd46d0000 - 0x00007fffd4704000 	C:\Windows\SYSTEM32\WINMM.dll
0x00007fffd5320000 - 0x00007fffd532a000 	C:\Windows\SYSTEM32\VERSION.dll
0x00007fffcb060000 - 0x00007fffcb069000 	C:\Windows\SYSTEM32\WSOCK32.dll
0x00007fffdb330000 - 0x00007fffdb37d000 	C:\Windows\SYSTEM32\POWRPROF.dll
0x00007fffde4a0000 - 0x00007fffde511000 	C:\Windows\System32\WS2_32.dll
0x00007fffdb310000 - 0x00007fffdb323000 	C:\Windows\SYSTEM32\UMPDC.dll
0x00007fffdb5c0000 - 0x00007fffdb5d8000 	C:\Windows\SYSTEM32\kernel.appcore.dll
0x00007fffd6620000 - 0x00007fffd662a000 	C:\Program Files\Android\Android Studio\jbr\bin\jimage.dll
0x00007fffd9cf0000 - 0x00007fffd9f22000 	C:\Windows\SYSTEM32\DBGHELP.DLL
0x00007fffdebb0000 - 0x00007fffdef3e000 	C:\Windows\System32\combase.dll
0x00007fffdef40000 - 0x00007fffdf017000 	C:\Windows\System32\OLEAUT32.dll
0x00007fffd5ad0000 - 0x00007fffd5b02000 	C:\Windows\SYSTEM32\dbgcore.DLL
0x00007fffdcde0000 - 0x00007fffdce5b000 	C:\Windows\System32\bcryptPrimitives.dll
0x00007fffcab90000 - 0x00007fffcabb5000 	C:\Program Files\Android\Android Studio\jbr\bin\java.dll

dbghelp: loaded successfully - version: 4.0.5 - missing functions: none
symbol engine: initialized successfully - sym options: 0x614 - pdb path: .;C:\Program Files\Android\Android Studio\jbr\bin;C:\Windows\SYSTEM32;C:\Windows\WinSxS\amd64_microsoft.windows.common-controls_6595b64144ccf1df_6.0.22621.3672_none_2713b9d173822955;C:\Program Files\Android\Android Studio\jbr\bin\server

VM Arguments:
java_command: git4idea.http.GitAskPassApp Username for 'https://github.com': 
java_class_path (initial): C:/Program Files/Android/Android Studio/plugins/vcs-git/lib/git4idea-rt.jar;C:/Program Files/Android/Android Studio/lib/externalProcess-rt.jar
Launcher Type: SUN_STANDARD

[Global flags]
     intx CICompilerCount                          = 12                                        {product} {ergonomic}
     uint ConcGCThreads                            = 5                                         {product} {ergonomic}
     uint G1ConcRefinementThreads                  = 18                                        {product} {ergonomic}
   size_t G1HeapRegionSize                         = 4194304                                   {product} {ergonomic}
    uintx GCDrainStackTargetSize                   = 64                                        {product} {ergonomic}
   size_t InitialHeapSize                          = 532676608                                 {product} {ergonomic}
   size_t MarkStackSize                            = 4194304                                   {product} {ergonomic}
   size_t MaxHeapSize                              = 8510242816                                {product} {ergonomic}
   size_t MinHeapDeltaBytes                        = 4194304                                   {product} {ergonomic}
   size_t MinHeapSize                              = 8388608                                   {product} {ergonomic}
    uintx NonNMethodCodeHeapSize                   = 7602480                                {pd product} {ergonomic}
    uintx NonProfiledCodeHeapSize                  = 122027880                              {pd product} {ergonomic}
    uintx ProfiledCodeHeapSize                     = 122027880                              {pd product} {ergonomic}
    uintx ReservedCodeCacheSize                    = 251658240                              {pd product} {ergonomic}
     bool SegmentedCodeCache                       = true                                      {product} {ergonomic}
   size_t SoftMaxHeapSize                          = 8510242816                             {manageable} {ergonomic}
     bool UseCompressedClassPointers               = true                           {product lp64_product} {ergonomic}
     bool UseCompressedOops                        = true                           {product lp64_product} {ergonomic}
     bool UseG1GC                                  = true                                      {product} {ergonomic}
     bool UseLargePagesIndividualAllocation        = false                                  {pd product} {ergonomic}

Logging:
Log output configuration:
 #0: stdout all=warning uptime,level,tags
 #1: stderr all=off uptime,level,tags

Environment Variables:
PATH=C:\Program Files\Git\mingw64\libexec\git-core;C:\Program Files\Git\mingw64\libexec\git-core;C:\Program Files\Git\mingw64\bin;C:\Program Files\Git\usr\bin;C:\Users\SatyaSwarupSrichanda\bin;C:\Windows\system32;C:\Windows;C:\Windows\System32\Wbem;C:\Windows\System32\WindowsPowerShell\v1.0;C:\Windows\System32\OpenSSH;C:\Program Files\dotnet;C:\Program Files\Git\cmd;C:\Users\SatyaSwarupSrichanda\AppData\Local\Programs\Python\Python312\Scripts;C:\Users\SatyaSwarupSrichanda\AppData\Local\Programs\Python\Python312;C:\Users\SatyaSwarupSrichanda\AppData\Local\Microsoft\WindowsApps;C:\Program Files\JetBrains\PyCharm Community Edition 2024.1.4\bin;C:\Program Files\JetBrains\PyCharm 2024.1.4\bin
USERNAME=SatyaSwarupSrichanda
DISPLAY=:0.0
LC_ALL=en_US.UTF-8
TERM=xterm-256color
TMPDIR=C:\Users\SATYAS~1\AppData\Local\Temp
OS=Windows_NT
PROCESSOR_IDENTIFIER=Intel64 Family 6 Model 183 Stepping 1, GenuineIntel
TMP=C:\Users\SATYAS~1\AppData\Local\Temp
TEMP=C:\Users\SATYAS~1\AppData\Local\Temp



Periodic native trim disabled

JNI global refs:
JNI global refs: 0, weak refs: 0

JNI global refs memory usage: 0, weak refs: 0

Process memory usage:
Resident Set Size: 12136K (0% of 33235692K total physical memory with 15803660K free physical memory)

OOME stack traces (most recent first):
Classloader memory used:


---------------  S Y S T E M  ---------------

OS:
 Windows 11 , 64 bit Build 22621 (10.0.22621.3958)
OS uptime: 6 days 8:27 hours
Hyper-V role detected

CPU: total 24 (initial active 24) (12 cores per cpu, 2 threads per core) family 6 model 183 stepping 1 microcode 0x11d, cx8, cmov, fxsr, ht, mmx, 3dnowpref, sse, sse2, sse3, ssse3, sse4.1, sse4.2, popcnt, lzcnt, tsc, tscinvbit, avx, avx2, aes, erms, clmul, bmi1, bmi2, adx, sha, fma, vzeroupper, clflush, clflushopt, clwb, hv
Processor Information for processor 0
  Max Mhz: 2100, Current Mhz: 2100, Mhz Limit: 2100
Processor Information for processor 1
  Max Mhz: 2100, Current Mhz: 2100, Mhz Limit: 2100
Processor Information for processor 2
  Max Mhz: 2100, Current Mhz: 2100, Mhz Limit: 2100
Processor Information for processor 3
  Max Mhz: 2100, Current Mhz: 2100, Mhz Limit: 2100
Processor Information for processor 4
  Max Mhz: 2100, Current Mhz: 2100, Mhz Limit: 2100
Processor Information for processor 5
  Max Mhz: 2100, Current Mhz: 2100, Mhz Limit: 2100
Processor Information for processor 6
  Max Mhz: 2100, Current Mhz: 2100, Mhz Limit: 2100
Processor Information for processor 7
  Max Mhz: 2100, Current Mhz: 2100, Mhz Limit: 2100
Processor Information for processor 8
  Max Mhz: 2100, Current Mhz: 2100, Mhz Limit: 2100
Processor Information for processor 9
  Max Mhz: 2100, Current Mhz: 2100, Mhz Limit: 2100
Processor Information for processor 10
  Max Mhz: 2100, Current Mhz: 2100, Mhz Limit: 2100
Processor Information for processor 11
  Max Mhz: 2100, Current Mhz: 2100, Mhz Limit: 2100
Processor Information for processor 12
  Max Mhz: 2100, Current Mhz: 2100, Mhz Limit: 2100
Processor Information for processor 13
  Max Mhz: 2100, Current Mhz: 2100, Mhz Limit: 2100
Processor Information for processor 14
  Max Mhz: 2100, Current Mhz: 2100, Mhz Limit: 2100
Processor Information for processor 15
  Max Mhz: 2100, Current Mhz: 2100, Mhz Limit: 2100
Processor Information for processor 16
  Max Mhz: 2100, Current Mhz: 1500, Mhz Limit: 1491
Processor Information for processor 17
  Max Mhz: 2100, Current Mhz: 1500, Mhz Limit: 1491
Processor Information for processor 18
  Max Mhz: 2100, Current Mhz: 1500, Mhz Limit: 1491
Processor Information for processor 19
  Max Mhz: 2100, Current Mhz: 1500, Mhz Limit: 1491
Processor Information for processor 20
  Max Mhz: 2100, Current Mhz: 1500, Mhz Limit: 1491
Processor Information for processor 21
  Max Mhz: 2100, Current Mhz: 1500, Mhz Limit: 1491
Processor Information for processor 22
  Max Mhz: 2100, Current Mhz: 1500, Mhz Limit: 1491
Processor Information for processor 23
  Max Mhz: 2100, Current Mhz: 1500, Mhz Limit: 1491

Memory: 4k page, system-wide physical 32456M (15433M free)
TotalPageFile size 80269M (AvailPageFile size 341M)
current process WorkingSet (physical memory assigned to process): 11M, peak: 11M
current process commit charge ("private bytes"): 81M, peak: 589M

vm_info: OpenJDK 64-Bit Server VM (17.0.11+0--11852314) for windows-amd64 JRE (17.0.11+0--11852314), built on May 16 2024 21:29:20 by "androidbuild" with MS VC++ 16.10 / 16.11 (VS2019)

END.
